
1460566 : 0x15075b3aa261cb : 1 : spill_jit_data :  Jit agent is not initialized
1460550 : 0x15075b3aa28e06 : 2 : ittapi_config_mask_get :  --itt-config mask to be applied: 55
1460550 : 0x15075b3aa2ab5f : 2 : ittapi_config_apply_per_lib :  ITTAPI function instrumented: __itt_domain_create
1460550 : 0x15075b3aa2b55f : 2 : ittapi_config_apply_per_lib :  ITTAPI function instrumented: __itt_module_load_with_sections
1460550 : 0x15075b3aa2c243 : 2 : ittapi_config_apply_per_lib :  ITTAPI function not implemented: __itt_module_unload_with_sections
1460550 : 0x15075b3aa2cafc : 2 : ittapi_config_apply_per_lib :  ITTAPI function instrumented: __itt_string_handle_create
1460550 : 0x15075b3aa2d216 : 2 : ittapi_config_apply_per_lib :  ITTAPI function instrumented: __itt_counter_create
1460550 : 0x15075b3aa2d84f : 2 : ittapi_config_apply_per_lib :  ITTAPI function instrumented: __itt_counter_create_typed
1460550 : 0x15075b3aa2e0b7 : 2 : ittapi_config_apply_per_lib :  ITTAPI function instrumented: __itt_pause
1460550 : 0x15075b3aa2e781 : 2 : ittapi_config_apply_per_lib :  ITTAPI function instrumented: __itt_resume
1460550 : 0x15075b3aa344d5 : 2 : ittapi_config_apply_per_lib :  ITTAPI function instrumented: __itt_thread_set_name
1460550 : 0x15075b3aa34d33 : 2 : ittapi_config_apply_per_lib :  ITTAPI function instrumented: __itt_thread_ignore
1460550 : 0x15075b3aa35434 : 2 : ittapi_config_apply_per_lib :  ITTAPI function instrumented: __itt_thr_name_set
1460550 : 0x15075b3aa35b08 : 2 : ittapi_config_apply_per_lib :  ITTAPI function instrumented: __itt_thr_ignore
1460550 : 0x15075b3aa36531 : 2 : ittapi_config_apply_per_lib :  ITTAPI function not implemented: __itt_enable_attach
1460550 : 0x15075b3aa36c7e : 2 : ittapi_config_apply_per_lib :  ITTAPI function instrumented: __itt_detach
1460550 : 0x15075b3aa3707f : 2 : ittapi_config_apply_per_lib :  ITTAPI function NOT instrumented (not matched by --itt-config option): __itt_sync_create

1460550 : 0x15075b3aa37531 : 2 : ittapi_config_apply_per_lib :  ITTAPI function NOT instrumented (not matched by --itt-config option): __itt_sync_rename

1460550 : 0x15075b3aa37927 : 2 : ittapi_config_apply_per_lib :  ITTAPI function NOT instrumented (not matched by --itt-config option): __itt_sync_destroy

1460550 : 0x15075b3aa37d2b : 2 : ittapi_config_apply_per_lib :  ITTAPI function NOT instrumented (not matched by --itt-config option): __itt_sync_prepare

1460550 : 0x15075b3aa390b6 : 2 : ittapi_config_apply_per_lib :  ITTAPI function NOT instrumented (not matched by --itt-config option): __itt_sync_cancel

1460550 : 0x15075b3aa394bc : 2 : ittapi_config_apply_per_lib :  ITTAPI function NOT instrumented (not matched by --itt-config option): __itt_sync_acquired

1460550 : 0x15075b3aa3983b : 2 : ittapi_config_apply_per_lib :  ITTAPI function NOT instrumented (not matched by --itt-config option): __itt_sync_releasing

1460550 : 0x15075b3aa3a0a7 : 2 : ittapi_config_apply_per_lib :  ITTAPI function not implemented: __itt_suppress_push
1460550 : 0x15075b3aa3a999 : 2 : ittapi_config_apply_per_lib :  ITTAPI function not implemented: __itt_suppress_pop
1460550 : 0x15075b3aa3b12e : 2 : ittapi_config_apply_per_lib :  ITTAPI function not implemented: __itt_suppress_mark_range
1460550 : 0x15075b3aa3b8c1 : 2 : ittapi_config_apply_per_lib :  ITTAPI function not implemented: __itt_suppress_clear_range
1460550 : 0x15075b3aa3bce4 : 2 : ittapi_config_apply_per_lib :  ITTAPI function NOT instrumented (not matched by --itt-config option): __itt_sync_prepare

1460550 : 0x15075b3aa3c0bf : 2 : ittapi_config_apply_per_lib :  ITTAPI function NOT instrumented (not matched by --itt-config option): __itt_sync_cancel

1460550 : 0x15075b3aa3c43c : 2 : ittapi_config_apply_per_lib :  ITTAPI function NOT instrumented (not matched by --itt-config option): __itt_sync_acquired

1460550 : 0x15075b3aa3d3fe : 2 : ittapi_config_apply_per_lib :  ITTAPI function NOT instrumented (not matched by --itt-config option): __itt_sync_releasing

1460550 : 0x15075b3aa3d830 : 2 : ittapi_config_apply_per_lib :  ITTAPI function NOT instrumented (not matched by --itt-config option): __itt_model_site_begin

1460550 : 0x15075b3aa3dbeb : 2 : ittapi_config_apply_per_lib :  ITTAPI function NOT instrumented (not matched by --itt-config option): __itt_model_site_end

1460550 : 0x15075b3aa3df7c : 2 : ittapi_config_apply_per_lib :  ITTAPI function NOT instrumented (not matched by --itt-config option): __itt_model_task_begin

1460550 : 0x15075b3aa3e358 : 2 : ittapi_config_apply_per_lib :  ITTAPI function NOT instrumented (not matched by --itt-config option): __itt_model_task_end

1460550 : 0x15075b3aa3e6ca : 2 : ittapi_config_apply_per_lib :  ITTAPI function NOT instrumented (not matched by --itt-config option): __itt_model_lock_acquire

1460550 : 0x15075b3aa3ead1 : 2 : ittapi_config_apply_per_lib :  ITTAPI function NOT instrumented (not matched by --itt-config option): __itt_model_lock_release

1460550 : 0x15075b3aa3ee91 : 2 : ittapi_config_apply_per_lib :  ITTAPI function NOT instrumented (not matched by --itt-config option): __itt_model_record_allocation

1460550 : 0x15075b3aa3f1e7 : 2 : ittapi_config_apply_per_lib :  ITTAPI function NOT instrumented (not matched by --itt-config option): __itt_model_record_deallocation

1460550 : 0x15075b3aa3f528 : 2 : ittapi_config_apply_per_lib :  ITTAPI function NOT instrumented (not matched by --itt-config option): __itt_model_induction_uses

1460550 : 0x15075b3aa4107c : 2 : ittapi_config_apply_per_lib :  ITTAPI function NOT instrumented (not matched by --itt-config option): __itt_model_reduction_uses

1460550 : 0x15075b3aa41491 : 2 : ittapi_config_apply_per_lib :  ITTAPI function NOT instrumented (not matched by --itt-config option): __itt_model_observe_uses

1460550 : 0x15075b3aa41818 : 2 : ittapi_config_apply_per_lib :  ITTAPI function NOT instrumented (not matched by --itt-config option): __itt_model_clear_uses

1460550 : 0x15075b3aa41bf9 : 2 : ittapi_config_apply_per_lib :  ITTAPI function NOT instrumented (not matched by --itt-config option): __itt_model_site_beginA

1460550 : 0x15075b3aa41fa4 : 2 : ittapi_config_apply_per_lib :  ITTAPI function NOT instrumented (not matched by --itt-config option): __itt_model_site_beginAL

1460550 : 0x15075b3aa42311 : 2 : ittapi_config_apply_per_lib :  ITTAPI function NOT instrumented (not matched by --itt-config option): __itt_model_task_beginA

1460550 : 0x15075b3aa426e0 : 2 : ittapi_config_apply_per_lib :  ITTAPI function NOT instrumented (not matched by --itt-config option): __itt_model_task_beginAL

1460550 : 0x15075b3aa42a71 : 2 : ittapi_config_apply_per_lib :  ITTAPI function NOT instrumented (not matched by --itt-config option): __itt_model_iteration_taskA

1460550 : 0x15075b3aa42dca : 2 : ittapi_config_apply_per_lib :  ITTAPI function NOT instrumented (not matched by --itt-config option): __itt_model_iteration_taskAL

1460550 : 0x15075b3aa43117 : 2 : ittapi_config_apply_per_lib :  ITTAPI function NOT instrumented (not matched by --itt-config option): __itt_model_site_end_2

1460550 : 0x15075b3aa440d1 : 2 : ittapi_config_apply_per_lib :  ITTAPI function NOT instrumented (not matched by --itt-config option): __itt_model_task_end_2

1460550 : 0x15075b3aa44476 : 2 : ittapi_config_apply_per_lib :  ITTAPI function NOT instrumented (not matched by --itt-config option): __itt_model_lock_acquire_2

1460550 : 0x15075b3aa4481f : 2 : ittapi_config_apply_per_lib :  ITTAPI function NOT instrumented (not matched by --itt-config option): __itt_model_lock_release_2

1460550 : 0x15075b3aa44bc8 : 2 : ittapi_config_apply_per_lib :  ITTAPI function NOT instrumented (not matched by --itt-config option): __itt_model_aggregate_task

1460550 : 0x15075b3aa44f2c : 2 : ittapi_config_apply_per_lib :  ITTAPI function NOT instrumented (not matched by --itt-config option): __itt_model_disable_push

1460550 : 0x15075b3aa45283 : 2 : ittapi_config_apply_per_lib :  ITTAPI function NOT instrumented (not matched by --itt-config option): __itt_model_disable_pop

1460550 : 0x15075b3aa45a06 : 2 : ittapi_config_apply_per_lib :  ITTAPI function instrumented: __itt_heap_function_create
1460550 : 0x15075b3aa4614f : 2 : ittapi_config_apply_per_lib :  ITTAPI function instrumented: __itt_heap_allocate_begin
1460550 : 0x15075b3aa467d6 : 2 : ittapi_config_apply_per_lib :  ITTAPI function instrumented: __itt_heap_allocate_end
1460550 : 0x15075b3aa46ef7 : 2 : ittapi_config_apply_per_lib :  ITTAPI function instrumented: __itt_heap_free_begin
1460550 : 0x15075b3aa4a0a2 : 2 : ittapi_config_apply_per_lib :  ITTAPI function instrumented: __itt_heap_free_end
1460550 : 0x15075b3aa4a81a : 2 : ittapi_config_apply_per_lib :  ITTAPI function instrumented: __itt_heap_reallocate_begin
1460550 : 0x15075b3aa4aea5 : 2 : ittapi_config_apply_per_lib :  ITTAPI function instrumented: __itt_heap_reallocate_end
1460550 : 0x15075b3aa4b803 : 2 : ittapi_config_apply_per_lib :  ITTAPI function not implemented: __itt_heap_internal_access_begin
1460550 : 0x15075b3aa4bf69 : 2 : ittapi_config_apply_per_lib :  ITTAPI function not implemented: __itt_heap_internal_access_end
1460550 : 0x15075b3aa4c740 : 2 : ittapi_config_apply_per_lib :  ITTAPI function not implemented: __itt_heap_record_memory_growth_begin
1460550 : 0x15075b3aa4ce7b : 2 : ittapi_config_apply_per_lib :  ITTAPI function not implemented: __itt_heap_record_memory_growth_end
1460550 : 0x15075b3aa4d6d5 : 2 : ittapi_config_apply_per_lib :  ITTAPI function not implemented: __itt_heap_reset_detection
1460550 : 0x15075b3aa4dea2 : 2 : ittapi_config_apply_per_lib :  ITTAPI function not implemented: __itt_heap_record
1460550 : 0x15075b3aa4e61a : 2 : ittapi_config_apply_per_lib :  ITTAPI function not implemented: __itt_id_create
1460550 : 0x15075b3aa4fad0 : 2 : ittapi_config_apply_per_lib :  ITTAPI function not implemented: __itt_id_destroy
1460550 : 0x15075b3aa50263 : 2 : ittapi_config_apply_per_lib :  ITTAPI function instrumented: __itt_get_timestamp
1460550 : 0x15075b3aa509ad : 2 : ittapi_config_apply_per_lib :  ITTAPI function not implemented: __itt_region_begin
1460550 : 0x15075b3aa51171 : 2 : ittapi_config_apply_per_lib :  ITTAPI function not implemented: __itt_region_end
1460550 : 0x15075b3aa518b6 : 2 : ittapi_config_apply_per_lib :  ITTAPI function instrumented: __itt_frame_begin_v3
1460550 : 0x15075b3aa52048 : 2 : ittapi_config_apply_per_lib :  ITTAPI function instrumented: __itt_frame_end_v3
1460550 : 0x15075b3aa5272e : 2 : ittapi_config_apply_per_lib :  ITTAPI function instrumented: __itt_frame_submit_v3
1460550 : 0x15075b3aa52e8a : 2 : ittapi_config_apply_per_lib :  ITTAPI function not implemented: __itt_task_group
1460550 : 0x15075b3aa53617 : 2 : ittapi_config_apply_per_lib :  ITTAPI function instrumented: __itt_task_begin
1460550 : 0x15075b3aa53d03 : 2 : ittapi_config_apply_per_lib :  ITTAPI function instrumented: __itt_task_begin_fn
1460550 : 0x15075b3aa5503b : 2 : ittapi_config_apply_per_lib :  ITTAPI function instrumented: __itt_task_end
1460550 : 0x15075b3aa55850 : 2 : ittapi_config_apply_per_lib :  ITTAPI function not implemented: __itt_counter_inc_v3
1460550 : 0x15075b3aa56007 : 2 : ittapi_config_apply_per_lib :  ITTAPI function not implemented: __itt_counter_inc_delta_v3
1460550 : 0x15075b3aa567c4 : 2 : ittapi_config_apply_per_lib :  ITTAPI function not implemented: __itt_counter_dec_v3
1460550 : 0x15075b3aa56ede : 2 : ittapi_config_apply_per_lib :  ITTAPI function not implemented: __itt_counter_dec_delta_v3
1460550 : 0x15075b3aa5765d : 2 : ittapi_config_apply_per_lib :  ITTAPI function not implemented: __itt_marker
1460550 : 0x15075b3aa57cfd : 2 : ittapi_config_apply_per_lib :  ITTAPI function instrumented: __itt_metadata_add
1460550 : 0x15075b3aa58480 : 2 : ittapi_config_apply_per_lib :  ITTAPI function not implemented: __itt_metadata_str_add
1460550 : 0x15075b3aa58b95 : 2 : ittapi_config_apply_per_lib :  ITTAPI function not implemented: __itt_relation_add_to_current
1460550 : 0x15075b3aa592df : 2 : ittapi_config_apply_per_lib :  ITTAPI function not implemented: __itt_relation_add
1460550 : 0x15075b3aa5a5a6 : 2 : ittapi_config_apply_per_lib :  ITTAPI function instrumented: __itt_event_create
1460550 : 0x15075b3aa5ad0b : 2 : ittapi_config_apply_per_lib :  ITTAPI function instrumented: __itt_event_start
1460550 : 0x15075b3aa5b3f1 : 2 : ittapi_config_apply_per_lib :  ITTAPI function instrumented: __itt_event_end
1460550 : 0x15075b3aa5b77e : 2 : ittapi_config_apply_per_lib :  ITTAPI function NOT instrumented (not matched by --itt-config option): __itt_sync_set_name

1460550 : 0x15075b3aa5bb6b : 2 : ittapi_config_apply_per_lib :  ITTAPI function NOT instrumented (not matched by --itt-config option): __itt_notify_sync_name

1460550 : 0x15075b3aa5bef2 : 2 : ittapi_config_apply_per_lib :  ITTAPI function NOT instrumented (not matched by --itt-config option): __itt_notify_sync_prepare

1460550 : 0x15075b3aa5c27a : 2 : ittapi_config_apply_per_lib :  ITTAPI function NOT instrumented (not matched by --itt-config option): __itt_notify_sync_cancel

1460550 : 0x15075b3aa5c60a : 2 : ittapi_config_apply_per_lib :  ITTAPI function NOT instrumented (not matched by --itt-config option): __itt_notify_sync_acquired

1460550 : 0x15075b3aa5c95d : 2 : ittapi_config_apply_per_lib :  ITTAPI function NOT instrumented (not matched by --itt-config option): __itt_notify_sync_releasing

1460550 : 0x15075b3aa5d0ac : 2 : ittapi_config_apply_per_lib :  ITTAPI function not implemented: __itt_memory_read
1460550 : 0x15075b3aa5ec64 : 2 : ittapi_config_apply_per_lib :  ITTAPI function not implemented: __itt_memory_write
1460550 : 0x15075b3aa5f40f : 2 : ittapi_config_apply_per_lib :  ITTAPI function not implemented: __itt_memory_update
1460550 : 0x15075b3aa5fbb4 : 2 : ittapi_config_apply_per_lib :  ITTAPI function not implemented: __itt_state_get
1460550 : 0x15075b3aa602bc : 2 : ittapi_config_apply_per_lib :  ITTAPI function not implemented: __itt_state_set
1460550 : 0x15075b3aa60a4c : 2 : ittapi_config_apply_per_lib :  ITTAPI function not implemented: __itt_obj_mode_set
1460550 : 0x15075b3aa611a4 : 2 : ittapi_config_apply_per_lib :  ITTAPI function not implemented: __itt_thr_mode_set
1460550 : 0x15075b3aa61868 : 2 : ittapi_config_apply_per_lib :  ITTAPI function instrumented: __itt_frame_create
1460550 : 0x15075b3aa61ebc : 2 : ittapi_config_apply_per_lib :  ITTAPI function instrumented: __itt_pt_region_create
1460550 : 0x15075b3aa6253c : 2 : ittapi_config_apply_per_lib :  ITTAPI function instrumented: __itt_frame_begin
1460550 : 0x15075b3aa62bef : 2 : ittapi_config_apply_per_lib :  ITTAPI function instrumented: __itt_frame_end
1460550 : 0x15075b3aa6412e : 2 : ittapi_config_apply_per_lib :  ITTAPI function not implemented: __itt_counter_destroy
1460550 : 0x15075b3aa64852 : 2 : ittapi_config_apply_per_lib :  ITTAPI function instrumented: __itt_counter_inc
1460550 : 0x15075b3aa64f6d : 2 : ittapi_config_apply_per_lib :  ITTAPI function instrumented: __itt_counter_inc_delta
1460550 : 0x15075b3aa655dc : 2 : ittapi_config_apply_per_lib :  ITTAPI function instrumented: __itt_counter_dec
1460550 : 0x15075b3aa65cab : 2 : ittapi_config_apply_per_lib :  ITTAPI function instrumented: __itt_counter_dec_delta
1460550 : 0x15075b3aa66350 : 2 : ittapi_config_apply_per_lib :  ITTAPI function instrumented: __itt_counter_set_value
1460550 : 0x15075b3aa66a88 : 2 : ittapi_config_apply_per_lib :  ITTAPI function not implemented: __itt_counter_set_value_ex
1460550 : 0x15075b3aa6717f : 2 : ittapi_config_apply_per_lib :  ITTAPI function not implemented: __itt_mark_create
1460550 : 0x15075b3aa678d9 : 2 : ittapi_config_apply_per_lib :  ITTAPI function not implemented: __itt_mark
1460550 : 0x15075b3aa68040 : 2 : ittapi_config_apply_per_lib :  ITTAPI function not implemented: __itt_mark_off
1460550 : 0x15075b3aa69384 : 2 : ittapi_config_apply_per_lib :  ITTAPI function not implemented: __itt_mark_global
1460550 : 0x15075b3aa69ae4 : 2 : ittapi_config_apply_per_lib :  ITTAPI function not implemented: __itt_mark_global_off
1460550 : 0x15075b3aa6a250 : 2 : ittapi_config_apply_per_lib :  ITTAPI function instrumented: __itt_stack_caller_create
1460550 : 0x15075b3aa6a944 : 2 : ittapi_config_apply_per_lib :  ITTAPI function instrumented: __itt_stack_caller_destroy
1460550 : 0x15075b3aa6b040 : 2 : ittapi_config_apply_per_lib :  ITTAPI function instrumented: __itt_stack_callee_enter
1460550 : 0x15075b3aa6b6b4 : 2 : ittapi_config_apply_per_lib :  ITTAPI function instrumented: __itt_stack_callee_leave
1460550 : 0x15075b3aa6bdf8 : 2 : ittapi_config_apply_per_lib :  ITTAPI function not implemented: __itt_clock_domain_create
1460550 : 0x15075b3aa6c53f : 2 : ittapi_config_apply_per_lib :  ITTAPI function not implemented: __itt_clock_domain_reset
1460550 : 0x15075b3aa6cc7d : 2 : ittapi_config_apply_per_lib :  ITTAPI function not implemented: __itt_id_create_ex
1460550 : 0x15075b3aa6d3e3 : 2 : ittapi_config_apply_per_lib :  ITTAPI function not implemented: __itt_id_destroy_ex
1460550 : 0x15075b3aa6ef46 : 2 : ittapi_config_apply_per_lib :  ITTAPI function not implemented: __itt_task_begin_ex
1460550 : 0x15075b3aa6f6ed : 2 : ittapi_config_apply_per_lib :  ITTAPI function not implemented: __itt_task_begin_fn_ex
1460550 : 0x15075b3aa6fe3e : 2 : ittapi_config_apply_per_lib :  ITTAPI function not implemented: __itt_task_end_ex
1460550 : 0x15075b3aa7052d : 2 : ittapi_config_apply_per_lib :  ITTAPI function instrumented: __itt_task_begin_overlapped
1460550 : 0x15075b3aa70c17 : 2 : ittapi_config_apply_per_lib :  ITTAPI function not implemented: __itt_task_begin_overlapped_ex
1460550 : 0x15075b3aa712d5 : 2 : ittapi_config_apply_per_lib :  ITTAPI function instrumented: __itt_task_end_overlapped
1460550 : 0x15075b3aa71a14 : 2 : ittapi_config_apply_per_lib :  ITTAPI function not implemented: __itt_task_end_overlapped_ex
1460550 : 0x15075b3aa72147 : 2 : ittapi_config_apply_per_lib :  ITTAPI function not implemented: __itt_marker_ex
1460550 : 0x15075b3aa7298e : 2 : ittapi_config_apply_per_lib :  ITTAPI function not implemented: __itt_metadata_add_with_scope
1460550 : 0x15075b3aa73116 : 2 : ittapi_config_apply_per_lib :  ITTAPI function not implemented: __itt_metadata_str_add_with_scope
1460550 : 0x15075b3aa744de : 2 : ittapi_config_apply_per_lib :  ITTAPI function not implemented: __itt_relation_add_to_current_ex
1460550 : 0x15075b3aa74c36 : 2 : ittapi_config_apply_per_lib :  ITTAPI function not implemented: __itt_relation_add_ex
1460550 : 0x15075b3aa753b7 : 2 : ittapi_config_apply_per_lib :  ITTAPI function not implemented: __itt_track_group_create
1460550 : 0x15075b3aa75a7f : 2 : ittapi_config_apply_per_lib :  ITTAPI function not implemented: __itt_track_create
1460550 : 0x15075b3aa761d5 : 2 : ittapi_config_apply_per_lib :  ITTAPI function not implemented: __itt_set_track
1460550 : 0x15075b3aa768c1 : 2 : ittapi_config_apply_per_lib :  ITTAPI function instrumented: __itt_api_version
1460550 : 0x15075b3aa76fd7 : 2 : ittapi_config_apply_per_lib :  ITTAPI function not implemented: __itt_av_save
1460550 : 0x15075b3aa77681 : 2 : ittapi_config_apply_per_lib :  ITTAPI function instrumented: __itt_module_load
1460550 : 0x15075b3aa77db9 : 2 : ittapi_config_apply_per_lib :  ITTAPI function not implemented: __itt_module_unload
1460550 : 0x15075b3aabe33b : 2 : ittapi_config_mask_get :  --itt-config mask to be applied: 55
1460550 : 0x15075b3aac036a : 2 : ittapi_config_apply_per_lib :  ITTAPI function instrumented: __itt_domain_create
1460550 : 0x15075b3aac0bd3 : 2 : ittapi_config_apply_per_lib :  ITTAPI function instrumented: __itt_module_load_with_sections
1460550 : 0x15075b3aac1437 : 2 : ittapi_config_apply_per_lib :  ITTAPI function not implemented: __itt_module_unload_with_sections
1460550 : 0x15075b3aac1b3e : 2 : ittapi_config_apply_per_lib :  ITTAPI function instrumented: __itt_string_handle_create
1460550 : 0x15075b3aac21b8 : 2 : ittapi_config_apply_per_lib :  ITTAPI function instrumented: __itt_counter_create
1460550 : 0x15075b3aac2832 : 2 : ittapi_config_apply_per_lib :  ITTAPI function instrumented: __itt_counter_create_typed
1460550 : 0x15075b3aac2f5e : 2 : ittapi_config_apply_per_lib :  ITTAPI function instrumented: __itt_pause
1460550 : 0x15075b3aac3617 : 2 : ittapi_config_apply_per_lib :  ITTAPI function instrumented: __itt_resume
1460550 : 0x15075b3aac3c3f : 2 : ittapi_config_apply_per_lib :  ITTAPI function instrumented: __itt_thread_set_name
1460550 : 0x15075b3aac434a : 2 : ittapi_config_apply_per_lib :  ITTAPI function instrumented: __itt_thread_ignore
1460550 : 0x15075b3aac6383 : 2 : ittapi_config_apply_per_lib :  ITTAPI function instrumented: __itt_thr_name_set
1460550 : 0x15075b3aac6a24 : 2 : ittapi_config_apply_per_lib :  ITTAPI function instrumented: __itt_thr_ignore
1460550 : 0x15075b3aac7227 : 2 : ittapi_config_apply_per_lib :  ITTAPI function not implemented: __itt_enable_attach
1460550 : 0x15075b3aac792a : 2 : ittapi_config_apply_per_lib :  ITTAPI function instrumented: __itt_detach
1460550 : 0x15075b3aac7cef : 2 : ittapi_config_apply_per_lib :  ITTAPI function NOT instrumented (not matched by --itt-config option): __itt_sync_create

1460550 : 0x15075b3aac80d7 : 2 : ittapi_config_apply_per_lib :  ITTAPI function NOT instrumented (not matched by --itt-config option): __itt_sync_rename

1460550 : 0x15075b3aac8477 : 2 : ittapi_config_apply_per_lib :  ITTAPI function NOT instrumented (not matched by --itt-config option): __itt_sync_destroy

1460550 : 0x15075b3aac884b : 2 : ittapi_config_apply_per_lib :  ITTAPI function NOT instrumented (not matched by --itt-config option): __itt_sync_prepare

1460550 : 0x15075b3aac8bd3 : 2 : ittapi_config_apply_per_lib :  ITTAPI function NOT instrumented (not matched by --itt-config option): __itt_sync_cancel

1460550 : 0x15075b3aac8f41 : 2 : ittapi_config_apply_per_lib :  ITTAPI function NOT instrumented (not matched by --itt-config option): __itt_sync_acquired

1460550 : 0x15075b3aac9ef2 : 2 : ittapi_config_apply_per_lib :  ITTAPI function NOT instrumented (not matched by --itt-config option): __itt_sync_releasing

1460550 : 0x15075b3aaca75e : 2 : ittapi_config_apply_per_lib :  ITTAPI function not implemented: __itt_suppress_push
1460550 : 0x15075b3aacaf60 : 2 : ittapi_config_apply_per_lib :  ITTAPI function not implemented: __itt_suppress_pop
1460550 : 0x15075b3aacb6f4 : 2 : ittapi_config_apply_per_lib :  ITTAPI function not implemented: __itt_suppress_mark_range
1460550 : 0x15075b3aacbeb3 : 2 : ittapi_config_apply_per_lib :  ITTAPI function not implemented: __itt_suppress_clear_range
1460550 : 0x15075b3aacc255 : 2 : ittapi_config_apply_per_lib :  ITTAPI function NOT instrumented (not matched by --itt-config option): __itt_sync_prepare

1460550 : 0x15075b3aacc5d8 : 2 : ittapi_config_apply_per_lib :  ITTAPI function NOT instrumented (not matched by --itt-config option): __itt_sync_cancel

1460550 : 0x15075b3aacc936 : 2 : ittapi_config_apply_per_lib :  ITTAPI function NOT instrumented (not matched by --itt-config option): __itt_sync_acquired

1460550 : 0x15075b3aaccca9 : 2 : ittapi_config_apply_per_lib :  ITTAPI function NOT instrumented (not matched by --itt-config option): __itt_sync_releasing

1460550 : 0x15075b3aacd0a5 : 2 : ittapi_config_apply_per_lib :  ITTAPI function NOT instrumented (not matched by --itt-config option): __itt_model_site_begin

1460550 : 0x15075b3aace00c : 2 : ittapi_config_apply_per_lib :  ITTAPI function NOT instrumented (not matched by --itt-config option): __itt_model_site_end

1460550 : 0x15075b3aace3b2 : 2 : ittapi_config_apply_per_lib :  ITTAPI function NOT instrumented (not matched by --itt-config option): __itt_model_task_begin

1460550 : 0x15075b3aace735 : 2 : ittapi_config_apply_per_lib :  ITTAPI function NOT instrumented (not matched by --itt-config option): __itt_model_task_end

1460550 : 0x15075b3aaceaae : 2 : ittapi_config_apply_per_lib :  ITTAPI function NOT instrumented (not matched by --itt-config option): __itt_model_lock_acquire

1460550 : 0x15075b3aacee48 : 2 : ittapi_config_apply_per_lib :  ITTAPI function NOT instrumented (not matched by --itt-config option): __itt_model_lock_release

1460550 : 0x15075b3aacf1df : 2 : ittapi_config_apply_per_lib :  ITTAPI function NOT instrumented (not matched by --itt-config option): __itt_model_record_allocation

1460550 : 0x15075b3aacf536 : 2 : ittapi_config_apply_per_lib :  ITTAPI function NOT instrumented (not matched by --itt-config option): __itt_model_record_deallocation

1460550 : 0x15075b3aacf8cf : 2 : ittapi_config_apply_per_lib :  ITTAPI function NOT instrumented (not matched by --itt-config option): __itt_model_induction_uses

1460550 : 0x15075b3aacfc7a : 2 : ittapi_config_apply_per_lib :  ITTAPI function NOT instrumented (not matched by --itt-config option): __itt_model_reduction_uses

1460550 : 0x15075b3aacffeb : 2 : ittapi_config_apply_per_lib :  ITTAPI function NOT instrumented (not matched by --itt-config option): __itt_model_observe_uses

1460550 : 0x15075b3aad169c : 2 : ittapi_config_apply_per_lib :  ITTAPI function NOT instrumented (not matched by --itt-config option): __itt_model_clear_uses

1460550 : 0x15075b3aad1a7b : 2 : ittapi_config_apply_per_lib :  ITTAPI function NOT instrumented (not matched by --itt-config option): __itt_model_site_beginA

1460550 : 0x15075b3aad1ded : 2 : ittapi_config_apply_per_lib :  ITTAPI function NOT instrumented (not matched by --itt-config option): __itt_model_site_beginAL

1460550 : 0x15075b3aad2160 : 2 : ittapi_config_apply_per_lib :  ITTAPI function NOT instrumented (not matched by --itt-config option): __itt_model_task_beginA

1460550 : 0x15075b3aad24d5 : 2 : ittapi_config_apply_per_lib :  ITTAPI function NOT instrumented (not matched by --itt-config option): __itt_model_task_beginAL

1460550 : 0x15075b3aad2873 : 2 : ittapi_config_apply_per_lib :  ITTAPI function NOT instrumented (not matched by --itt-config option): __itt_model_iteration_taskA

1460550 : 0x15075b3aad2bc9 : 2 : ittapi_config_apply_per_lib :  ITTAPI function NOT instrumented (not matched by --itt-config option): __itt_model_iteration_taskAL

1460550 : 0x15075b3aad2f14 : 2 : ittapi_config_apply_per_lib :  ITTAPI function NOT instrumented (not matched by --itt-config option): __itt_model_site_end_2

1460550 : 0x15075b3aad3283 : 2 : ittapi_config_apply_per_lib :  ITTAPI function NOT instrumented (not matched by --itt-config option): __itt_model_task_end_2

1460550 : 0x15075b3aad35d0 : 2 : ittapi_config_apply_per_lib :  ITTAPI function NOT instrumented (not matched by --itt-config option): __itt_model_lock_acquire_2

1460550 : 0x15075b3aad44d9 : 2 : ittapi_config_apply_per_lib :  ITTAPI function NOT instrumented (not matched by --itt-config option): __itt_model_lock_release_2

1460550 : 0x15075b3aad4882 : 2 : ittapi_config_apply_per_lib :  ITTAPI function NOT instrumented (not matched by --itt-config option): __itt_model_aggregate_task

1460550 : 0x15075b3aad4bfc : 2 : ittapi_config_apply_per_lib :  ITTAPI function NOT instrumented (not matched by --itt-config option): __itt_model_disable_push

1460550 : 0x15075b3aad4fa0 : 2 : ittapi_config_apply_per_lib :  ITTAPI function NOT instrumented (not matched by --itt-config option): __itt_model_disable_pop

1460550 : 0x15075b3aad56a6 : 2 : ittapi_config_apply_per_lib :  ITTAPI function instrumented: __itt_heap_function_create
1460550 : 0x15075b3aad5dcb : 2 : ittapi_config_apply_per_lib :  ITTAPI function instrumented: __itt_heap_allocate_begin
1460550 : 0x15075b3aad6450 : 2 : ittapi_config_apply_per_lib :  ITTAPI function instrumented: __itt_heap_allocate_end
1460550 : 0x15075b3aad6aff : 2 : ittapi_config_apply_per_lib :  ITTAPI function instrumented: __itt_heap_free_begin
1460550 : 0x15075b3aad7161 : 2 : ittapi_config_apply_per_lib :  ITTAPI function instrumented: __itt_heap_free_end
1460550 : 0x15075b3aad77ef : 2 : ittapi_config_apply_per_lib :  ITTAPI function instrumented: __itt_heap_reallocate_begin
1460550 : 0x15075b3aad8c43 : 2 : ittapi_config_apply_per_lib :  ITTAPI function instrumented: __itt_heap_reallocate_end
1460550 : 0x15075b3aad93f1 : 2 : ittapi_config_apply_per_lib :  ITTAPI function not implemented: __itt_heap_internal_access_begin
1460550 : 0x15075b3aad9b5e : 2 : ittapi_config_apply_per_lib :  ITTAPI function not implemented: __itt_heap_internal_access_end
1460550 : 0x15075b3aada2bd : 2 : ittapi_config_apply_per_lib :  ITTAPI function not implemented: __itt_heap_record_memory_growth_begin
1460550 : 0x15075b3aada9f4 : 2 : ittapi_config_apply_per_lib :  ITTAPI function not implemented: __itt_heap_record_memory_growth_end
1460550 : 0x15075b3aadb160 : 2 : ittapi_config_apply_per_lib :  ITTAPI function not implemented: __itt_heap_reset_detection
1460550 : 0x15075b3aadb8d9 : 2 : ittapi_config_apply_per_lib :  ITTAPI function not implemented: __itt_heap_record
1460550 : 0x15075b3aadbfd5 : 2 : ittapi_config_apply_per_lib :  ITTAPI function not implemented: __itt_id_create
1460550 : 0x15075b3aadc6dc : 2 : ittapi_config_apply_per_lib :  ITTAPI function not implemented: __itt_id_destroy
1460550 : 0x15075b3aadcdb9 : 2 : ittapi_config_apply_per_lib :  ITTAPI function instrumented: __itt_get_timestamp
1460550 : 0x15075b3aadeb5d : 2 : ittapi_config_apply_per_lib :  ITTAPI function not implemented: __itt_region_begin
1460550 : 0x15075b3aadf372 : 2 : ittapi_config_apply_per_lib :  ITTAPI function not implemented: __itt_region_end
1460550 : 0x15075b3aadfa61 : 2 : ittapi_config_apply_per_lib :  ITTAPI function instrumented: __itt_frame_begin_v3
1460550 : 0x15075b3aae018b : 2 : ittapi_config_apply_per_lib :  ITTAPI function instrumented: __itt_frame_end_v3
1460550 : 0x15075b3aae0800 : 2 : ittapi_config_apply_per_lib :  ITTAPI function instrumented: __itt_frame_submit_v3
1460550 : 0x15075b3aae0f46 : 2 : ittapi_config_apply_per_lib :  ITTAPI function not implemented: __itt_task_group
1460550 : 0x15075b3aae161c : 2 : ittapi_config_apply_per_lib :  ITTAPI function instrumented: __itt_task_begin
1460550 : 0x15075b3aae1cc3 : 2 : ittapi_config_apply_per_lib :  ITTAPI function instrumented: __itt_task_begin_fn
1460550 : 0x15075b3aae2383 : 2 : ittapi_config_apply_per_lib :  ITTAPI function instrumented: __itt_task_end
1460550 : 0x15075b3aae2b38 : 2 : ittapi_config_apply_per_lib :  ITTAPI function not implemented: __itt_counter_inc_v3
1460550 : 0x15075b3aae3fd3 : 2 : ittapi_config_apply_per_lib :  ITTAPI function not implemented: __itt_counter_inc_delta_v3
1460550 : 0x15075b3aae4787 : 2 : ittapi_config_apply_per_lib :  ITTAPI function not implemented: __itt_counter_dec_v3
1460550 : 0x15075b3aae4e9f : 2 : ittapi_config_apply_per_lib :  ITTAPI function not implemented: __itt_counter_dec_delta_v3
1460550 : 0x15075b3aae55d7 : 2 : ittapi_config_apply_per_lib :  ITTAPI function not implemented: __itt_marker
1460550 : 0x15075b3aae5cb1 : 2 : ittapi_config_apply_per_lib :  ITTAPI function instrumented: __itt_metadata_add
1460550 : 0x15075b3aae641a : 2 : ittapi_config_apply_per_lib :  ITTAPI function not implemented: __itt_metadata_str_add
1460550 : 0x15075b3aae6b0b : 2 : ittapi_config_apply_per_lib :  ITTAPI function not implemented: __itt_relation_add_to_current
1460550 : 0x15075b3aae7229 : 2 : ittapi_config_apply_per_lib :  ITTAPI function not implemented: __itt_relation_add
1460550 : 0x15075b3aae7896 : 2 : ittapi_config_apply_per_lib :  ITTAPI function instrumented: __itt_event_create
1460550 : 0x15075b3aae7f17 : 2 : ittapi_config_apply_per_lib :  ITTAPI function instrumented: __itt_event_start
1460550 : 0x15075b3aae922e : 2 : ittapi_config_apply_per_lib :  ITTAPI function instrumented: __itt_event_end
1460550 : 0x15075b3aae95f4 : 2 : ittapi_config_apply_per_lib :  ITTAPI function NOT instrumented (not matched by --itt-config option): __itt_sync_set_name

1460550 : 0x15075b3aae99b9 : 2 : ittapi_config_apply_per_lib :  ITTAPI function NOT instrumented (not matched by --itt-config option): __itt_notify_sync_name

1460550 : 0x15075b3aae9d2e : 2 : ittapi_config_apply_per_lib :  ITTAPI function NOT instrumented (not matched by --itt-config option): __itt_notify_sync_prepare

1460550 : 0x15075b3aaea0bb : 2 : ittapi_config_apply_per_lib :  ITTAPI function NOT instrumented (not matched by --itt-config option): __itt_notify_sync_cancel

1460550 : 0x15075b3aaea442 : 2 : ittapi_config_apply_per_lib :  ITTAPI function NOT instrumented (not matched by --itt-config option): __itt_notify_sync_acquired

1460550 : 0x15075b3aaea7de : 2 : ittapi_config_apply_per_lib :  ITTAPI function NOT instrumented (not matched by --itt-config option): __itt_notify_sync_releasing

1460550 : 0x15075b3aaeaef5 : 2 : ittapi_config_apply_per_lib :  ITTAPI function not implemented: __itt_memory_read
1460550 : 0x15075b3aaeb633 : 2 : ittapi_config_apply_per_lib :  ITTAPI function not implemented: __itt_memory_write
1460550 : 0x15075b3aaebd4e : 2 : ittapi_config_apply_per_lib :  ITTAPI function not implemented: __itt_memory_update
1460550 : 0x15075b3aaed88a : 2 : ittapi_config_apply_per_lib :  ITTAPI function not implemented: __itt_state_get
1460550 : 0x15075b3aaedfff : 2 : ittapi_config_apply_per_lib :  ITTAPI function not implemented: __itt_state_set
1460550 : 0x15075b3aaee736 : 2 : ittapi_config_apply_per_lib :  ITTAPI function not implemented: __itt_obj_mode_set
1460550 : 0x15075b3aaeee4a : 2 : ittapi_config_apply_per_lib :  ITTAPI function not implemented: __itt_thr_mode_set
1460550 : 0x15075b3aaef4de : 2 : ittapi_config_apply_per_lib :  ITTAPI function instrumented: __itt_frame_create
1460550 : 0x15075b3aaefb6b : 2 : ittapi_config_apply_per_lib :  ITTAPI function instrumented: __itt_pt_region_create
1460550 : 0x15075b3aaf01e0 : 2 : ittapi_config_apply_per_lib :  ITTAPI function instrumented: __itt_frame_begin
1460550 : 0x15075b3aaf088a : 2 : ittapi_config_apply_per_lib :  ITTAPI function instrumented: __itt_frame_end
1460550 : 0x15075b3aaf0fec : 2 : ittapi_config_apply_per_lib :  ITTAPI function not implemented: __itt_counter_destroy
1460550 : 0x15075b3aaf16cb : 2 : ittapi_config_apply_per_lib :  ITTAPI function instrumented: __itt_counter_inc
1460550 : 0x15075b3aaf29e1 : 2 : ittapi_config_apply_per_lib :  ITTAPI function instrumented: __itt_counter_inc_delta
1460550 : 0x15075b3aaf3063 : 2 : ittapi_config_apply_per_lib :  ITTAPI function instrumented: __itt_counter_dec
1460550 : 0x15075b3aaf36ed : 2 : ittapi_config_apply_per_lib :  ITTAPI function instrumented: __itt_counter_dec_delta
1460550 : 0x15075b3aaf3d8b : 2 : ittapi_config_apply_per_lib :  ITTAPI function instrumented: __itt_counter_set_value
1460550 : 0x15075b3aaf44a4 : 2 : ittapi_config_apply_per_lib :  ITTAPI function not implemented: __itt_counter_set_value_ex
1460550 : 0x15075b3aaf4b9a : 2 : ittapi_config_apply_per_lib :  ITTAPI function not implemented: __itt_mark_create
1460550 : 0x15075b3aaf52e0 : 2 : ittapi_config_apply_per_lib :  ITTAPI function not implemented: __itt_mark
1460550 : 0x15075b3aaf5a59 : 2 : ittapi_config_apply_per_lib :  ITTAPI function not implemented: __itt_mark_off
1460550 : 0x15075b3aaf616e : 2 : ittapi_config_apply_per_lib :  ITTAPI function not implemented: __itt_mark_global
1460550 : 0x15075b3aaf688a : 2 : ittapi_config_apply_per_lib :  ITTAPI function not implemented: __itt_mark_global_off
1460550 : 0x15075b3aaf7c1c : 2 : ittapi_config_apply_per_lib :  ITTAPI function instrumented: __itt_stack_caller_create
1460550 : 0x15075b3aaf835b : 2 : ittapi_config_apply_per_lib :  ITTAPI function instrumented: __itt_stack_caller_destroy
1460550 : 0x15075b3aaf8a12 : 2 : ittapi_config_apply_per_lib :  ITTAPI function instrumented: __itt_stack_callee_enter
1460550 : 0x15075b3aaf906b : 2 : ittapi_config_apply_per_lib :  ITTAPI function instrumented: __itt_stack_callee_leave
1460550 : 0x15075b3aaf9784 : 2 : ittapi_config_apply_per_lib :  ITTAPI function not implemented: __itt_clock_domain_create
1460550 : 0x15075b3aaf9ed3 : 2 : ittapi_config_apply_per_lib :  ITTAPI function not implemented: __itt_clock_domain_reset
1460550 : 0x15075b3aafa5be : 2 : ittapi_config_apply_per_lib :  ITTAPI function not implemented: __itt_id_create_ex
1460550 : 0x15075b3aafad0c : 2 : ittapi_config_apply_per_lib :  ITTAPI function not implemented: __itt_id_destroy_ex
1460550 : 0x15075b3aafb456 : 2 : ittapi_config_apply_per_lib :  ITTAPI function not implemented: __itt_task_begin_ex
1460550 : 0x15075b3aafbb5b : 2 : ittapi_config_apply_per_lib :  ITTAPI function not implemented: __itt_task_begin_fn_ex
1460550 : 0x15075b3aafceb6 : 2 : ittapi_config_apply_per_lib :  ITTAPI function not implemented: __itt_task_end_ex
1460550 : 0x15075b3aafd5db : 2 : ittapi_config_apply_per_lib :  ITTAPI function instrumented: __itt_task_begin_overlapped
1460550 : 0x15075b3aafdccb : 2 : ittapi_config_apply_per_lib :  ITTAPI function not implemented: __itt_task_begin_overlapped_ex
1460550 : 0x15075b3aafe347 : 2 : ittapi_config_apply_per_lib :  ITTAPI function instrumented: __itt_task_end_overlapped
1460550 : 0x15075b3aafea42 : 2 : ittapi_config_apply_per_lib :  ITTAPI function not implemented: __itt_task_end_overlapped_ex
1460550 : 0x15075b3aaff10f : 2 : ittapi_config_apply_per_lib :  ITTAPI function not implemented: __itt_marker_ex
1460550 : 0x15075b3aaff81a : 2 : ittapi_config_apply_per_lib :  ITTAPI function not implemented: __itt_metadata_add_with_scope
1460550 : 0x15075b3aafff84 : 2 : ittapi_config_apply_per_lib :  ITTAPI function not implemented: __itt_metadata_str_add_with_scope
1460550 : 0x15075b3ab006c6 : 2 : ittapi_config_apply_per_lib :  ITTAPI function not implemented: __itt_relation_add_to_current_ex
1460550 : 0x15075b3ab00db7 : 2 : ittapi_config_apply_per_lib :  ITTAPI function not implemented: __itt_relation_add_ex
1460550 : 0x15075b3ab028e8 : 2 : ittapi_config_apply_per_lib :  ITTAPI function not implemented: __itt_track_group_create
1460550 : 0x15075b3ab02ff4 : 2 : ittapi_config_apply_per_lib :  ITTAPI function not implemented: __itt_track_create
1460550 : 0x15075b3ab03718 : 2 : ittapi_config_apply_per_lib :  ITTAPI function not implemented: __itt_set_track
1460550 : 0x15075b3ab03dde : 2 : ittapi_config_apply_per_lib :  ITTAPI function instrumented: __itt_api_version
1460550 : 0x15075b3ab044e3 : 2 : ittapi_config_apply_per_lib :  ITTAPI function not implemented: __itt_av_save
1460550 : 0x15075b3ab04b98 : 2 : ittapi_config_apply_per_lib :  ITTAPI function instrumented: __itt_module_load
1460550 : 0x15075b3ab052c9 : 2 : ittapi_config_apply_per_lib :  ITTAPI function not implemented: __itt_module_unload