
1460974 : 0x150766a6b62d53 : 1 : spill_jit_data :  Jit agent is not initialized
1460958 : 0x150766a6b65888 : 2 : ittapi_config_mask_get :  --itt-config mask to be applied: 55
1460958 : 0x150766a6b67235 : 2 : ittapi_config_apply_per_lib :  ITTAPI function instrumented: __itt_domain_create
1460958 : 0x150766a6b67bdc : 2 : ittapi_config_apply_per_lib :  ITTAPI function instrumented: __itt_module_load_with_sections
1460958 : 0x150766a6b689a7 : 2 : ittapi_config_apply_per_lib :  ITTAPI function not implemented: __itt_module_unload_with_sections
1460958 : 0x150766a6b69186 : 2 : ittapi_config_apply_per_lib :  ITTAPI function instrumented: __itt_string_handle_create
1460958 : 0x150766a6b698a4 : 2 : ittapi_config_apply_per_lib :  ITTAPI function instrumented: __itt_counter_create
1460958 : 0x150766a6b69f13 : 2 : ittapi_config_apply_per_lib :  ITTAPI function instrumented: __itt_counter_create_typed
1460958 : 0x150766a6b6a774 : 2 : ittapi_config_apply_per_lib :  ITTAPI function instrumented: __itt_pause
1460958 : 0x150766a6b6af95 : 2 : ittapi_config_apply_per_lib :  ITTAPI function instrumented: __itt_resume
1460958 : 0x150766a6b71184 : 2 : ittapi_config_apply_per_lib :  ITTAPI function instrumented: __itt_thread_set_name
1460958 : 0x150766a6b71a15 : 2 : ittapi_config_apply_per_lib :  ITTAPI function instrumented: __itt_thread_ignore
1460958 : 0x150766a6b720f8 : 2 : ittapi_config_apply_per_lib :  ITTAPI function instrumented: __itt_thr_name_set
1460958 : 0x150766a6b727e9 : 2 : ittapi_config_apply_per_lib :  ITTAPI function instrumented: __itt_thr_ignore
1460958 : 0x150766a6b731da : 2 : ittapi_config_apply_per_lib :  ITTAPI function not implemented: __itt_enable_attach
1460958 : 0x150766a6b73971 : 2 : ittapi_config_apply_per_lib :  ITTAPI function instrumented: __itt_detach
1460958 : 0x150766a6b73d78 : 2 : ittapi_config_apply_per_lib :  ITTAPI function NOT instrumented (not matched by --itt-config option): __itt_sync_create

1460958 : 0x150766a6b74218 : 2 : ittapi_config_apply_per_lib :  ITTAPI function NOT instrumented (not matched by --itt-config option): __itt_sync_rename

1460958 : 0x150766a6b745c4 : 2 : ittapi_config_apply_per_lib :  ITTAPI function NOT instrumented (not matched by --itt-config option): __itt_sync_destroy

1460958 : 0x150766a6b749a3 : 2 : ittapi_config_apply_per_lib :  ITTAPI function NOT instrumented (not matched by --itt-config option): __itt_sync_prepare

1460958 : 0x150766a6b75e42 : 2 : ittapi_config_apply_per_lib :  ITTAPI function NOT instrumented (not matched by --itt-config option): __itt_sync_cancel

1460958 : 0x150766a6b76268 : 2 : ittapi_config_apply_per_lib :  ITTAPI function NOT instrumented (not matched by --itt-config option): __itt_sync_acquired

1460958 : 0x150766a6b765d3 : 2 : ittapi_config_apply_per_lib :  ITTAPI function NOT instrumented (not matched by --itt-config option): __itt_sync_releasing

1460958 : 0x150766a6b76e58 : 2 : ittapi_config_apply_per_lib :  ITTAPI function not implemented: __itt_suppress_push
1460958 : 0x150766a6b77744 : 2 : ittapi_config_apply_per_lib :  ITTAPI function not implemented: __itt_suppress_pop
1460958 : 0x150766a6b77ee9 : 2 : ittapi_config_apply_per_lib :  ITTAPI function not implemented: __itt_suppress_mark_range
1460958 : 0x150766a6b786a1 : 2 : ittapi_config_apply_per_lib :  ITTAPI function not implemented: __itt_suppress_clear_range
1460958 : 0x150766a6b78aa8 : 2 : ittapi_config_apply_per_lib :  ITTAPI function NOT instrumented (not matched by --itt-config option): __itt_sync_prepare

1460958 : 0x150766a6b78e3d : 2 : ittapi_config_apply_per_lib :  ITTAPI function NOT instrumented (not matched by --itt-config option): __itt_sync_cancel

1460958 : 0x150766a6b791bf : 2 : ittapi_config_apply_per_lib :  ITTAPI function NOT instrumented (not matched by --itt-config option): __itt_sync_acquired

1460958 : 0x150766a6b7a23e : 2 : ittapi_config_apply_per_lib :  ITTAPI function NOT instrumented (not matched by --itt-config option): __itt_sync_releasing

1460958 : 0x150766a6b7a685 : 2 : ittapi_config_apply_per_lib :  ITTAPI function NOT instrumented (not matched by --itt-config option): __itt_model_site_begin

1460958 : 0x150766a6b7aa2d : 2 : ittapi_config_apply_per_lib :  ITTAPI function NOT instrumented (not matched by --itt-config option): __itt_model_site_end

1460958 : 0x150766a6b7adb3 : 2 : ittapi_config_apply_per_lib :  ITTAPI function NOT instrumented (not matched by --itt-config option): __itt_model_task_begin

1460958 : 0x150766a6b7b180 : 2 : ittapi_config_apply_per_lib :  ITTAPI function NOT instrumented (not matched by --itt-config option): __itt_model_task_end

1460958 : 0x150766a6b7b4ff : 2 : ittapi_config_apply_per_lib :  ITTAPI function NOT instrumented (not matched by --itt-config option): __itt_model_lock_acquire

1460958 : 0x150766a6b7ba2c : 2 : ittapi_config_apply_per_lib :  ITTAPI function NOT instrumented (not matched by --itt-config option): __itt_model_lock_release

1460958 : 0x150766a6b7bdca : 2 : ittapi_config_apply_per_lib :  ITTAPI function NOT instrumented (not matched by --itt-config option): __itt_model_record_allocation

1460958 : 0x150766a6b7c10c : 2 : ittapi_config_apply_per_lib :  ITTAPI function NOT instrumented (not matched by --itt-config option): __itt_model_record_deallocation

1460958 : 0x150766a6b7c449 : 2 : ittapi_config_apply_per_lib :  ITTAPI function NOT instrumented (not matched by --itt-config option): __itt_model_induction_uses

1460958 : 0x150766a6b7e460 : 2 : ittapi_config_apply_per_lib :  ITTAPI function NOT instrumented (not matched by --itt-config option): __itt_model_reduction_uses

1460958 : 0x150766a6b7e864 : 2 : ittapi_config_apply_per_lib :  ITTAPI function NOT instrumented (not matched by --itt-config option): __itt_model_observe_uses

1460958 : 0x150766a6b7ebf0 : 2 : ittapi_config_apply_per_lib :  ITTAPI function NOT instrumented (not matched by --itt-config option): __itt_model_clear_uses

1460958 : 0x150766a6b7eff6 : 2 : ittapi_config_apply_per_lib :  ITTAPI function NOT instrumented (not matched by --itt-config option): __itt_model_site_beginA

1460958 : 0x150766a6b7f3af : 2 : ittapi_config_apply_per_lib :  ITTAPI function NOT instrumented (not matched by --itt-config option): __itt_model_site_beginAL

1460958 : 0x150766a6b7f766 : 2 : ittapi_config_apply_per_lib :  ITTAPI function NOT instrumented (not matched by --itt-config option): __itt_model_task_beginA

1460958 : 0x150766a6b7fae1 : 2 : ittapi_config_apply_per_lib :  ITTAPI function NOT instrumented (not matched by --itt-config option): __itt_model_task_beginAL

1460958 : 0x150766a6b7fe41 : 2 : ittapi_config_apply_per_lib :  ITTAPI function NOT instrumented (not matched by --itt-config option): __itt_model_iteration_taskA

1460958 : 0x150766a6b8018a : 2 : ittapi_config_apply_per_lib :  ITTAPI function NOT instrumented (not matched by --itt-config option): __itt_model_iteration_taskAL

1460958 : 0x150766a6b804cb : 2 : ittapi_config_apply_per_lib :  ITTAPI function NOT instrumented (not matched by --itt-config option): __itt_model_site_end_2

1460958 : 0x150766a6b814c4 : 2 : ittapi_config_apply_per_lib :  ITTAPI function NOT instrumented (not matched by --itt-config option): __itt_model_task_end_2

1460958 : 0x150766a6b81871 : 2 : ittapi_config_apply_per_lib :  ITTAPI function NOT instrumented (not matched by --itt-config option): __itt_model_lock_acquire_2

1460958 : 0x150766a6b81c1c : 2 : ittapi_config_apply_per_lib :  ITTAPI function NOT instrumented (not matched by --itt-config option): __itt_model_lock_release_2

1460958 : 0x150766a6b81f84 : 2 : ittapi_config_apply_per_lib :  ITTAPI function NOT instrumented (not matched by --itt-config option): __itt_model_aggregate_task

1460958 : 0x150766a6b822e4 : 2 : ittapi_config_apply_per_lib :  ITTAPI function NOT instrumented (not matched by --itt-config option): __itt_model_disable_push

1460958 : 0x150766a6b82632 : 2 : ittapi_config_apply_per_lib :  ITTAPI function NOT instrumented (not matched by --itt-config option): __itt_model_disable_pop

1460958 : 0x150766a6b82d87 : 2 : ittapi_config_apply_per_lib :  ITTAPI function instrumented: __itt_heap_function_create
1460958 : 0x150766a6b83507 : 2 : ittapi_config_apply_per_lib :  ITTAPI function instrumented: __itt_heap_allocate_begin
1460958 : 0x150766a6b83bd6 : 2 : ittapi_config_apply_per_lib :  ITTAPI function instrumented: __itt_heap_allocate_end
1460958 : 0x150766a6b842b9 : 2 : ittapi_config_apply_per_lib :  ITTAPI function instrumented: __itt_heap_free_begin
1460958 : 0x150766a6b8613e : 2 : ittapi_config_apply_per_lib :  ITTAPI function instrumented: __itt_heap_free_end
1460958 : 0x150766a6b8684b : 2 : ittapi_config_apply_per_lib :  ITTAPI function instrumented: __itt_heap_reallocate_begin
1460958 : 0x150766a6b86e93 : 2 : ittapi_config_apply_per_lib :  ITTAPI function instrumented: __itt_heap_reallocate_end
1460958 : 0x150766a6b8762e : 2 : ittapi_config_apply_per_lib :  ITTAPI function not implemented: __itt_heap_internal_access_begin
1460958 : 0x150766a6b87dac : 2 : ittapi_config_apply_per_lib :  ITTAPI function not implemented: __itt_heap_internal_access_end
1460958 : 0x150766a6b88573 : 2 : ittapi_config_apply_per_lib :  ITTAPI function not implemented: __itt_heap_record_memory_growth_begin
1460958 : 0x150766a6b88d19 : 2 : ittapi_config_apply_per_lib :  ITTAPI function not implemented: __itt_heap_record_memory_growth_end
1460958 : 0x150766a6b894c2 : 2 : ittapi_config_apply_per_lib :  ITTAPI function not implemented: __itt_heap_reset_detection
1460958 : 0x150766a6b89c7c : 2 : ittapi_config_apply_per_lib :  ITTAPI function not implemented: __itt_heap_record
1460958 : 0x150766a6b8a3f8 : 2 : ittapi_config_apply_per_lib :  ITTAPI function not implemented: __itt_id_create
1460958 : 0x150766a6b8b802 : 2 : ittapi_config_apply_per_lib :  ITTAPI function not implemented: __itt_id_destroy
1460958 : 0x150766a6b8bf68 : 2 : ittapi_config_apply_per_lib :  ITTAPI function instrumented: __itt_get_timestamp
1460958 : 0x150766a6b8c68e : 2 : ittapi_config_apply_per_lib :  ITTAPI function not implemented: __itt_region_begin
1460958 : 0x150766a6b8ce1b : 2 : ittapi_config_apply_per_lib :  ITTAPI function not implemented: __itt_region_end
1460958 : 0x150766a6b8d573 : 2 : ittapi_config_apply_per_lib :  ITTAPI function instrumented: __itt_frame_begin_v3
1460958 : 0x150766a6b8dcb7 : 2 : ittapi_config_apply_per_lib :  ITTAPI function instrumented: __itt_frame_end_v3
1460958 : 0x150766a6b8e37d : 2 : ittapi_config_apply_per_lib :  ITTAPI function instrumented: __itt_frame_submit_v3
1460958 : 0x150766a6b8eaf0 : 2 : ittapi_config_apply_per_lib :  ITTAPI function not implemented: __itt_task_group
1460958 : 0x150766a6b8f2b3 : 2 : ittapi_config_apply_per_lib :  ITTAPI function instrumented: __itt_task_begin
1460958 : 0x150766a6b8f9bf : 2 : ittapi_config_apply_per_lib :  ITTAPI function instrumented: __itt_task_begin_fn
1460958 : 0x150766a6b90d0c : 2 : ittapi_config_apply_per_lib :  ITTAPI function instrumented: __itt_task_end
1460958 : 0x150766a6b914fd : 2 : ittapi_config_apply_per_lib :  ITTAPI function not implemented: __itt_counter_inc_v3
1460958 : 0x150766a6b91cd9 : 2 : ittapi_config_apply_per_lib :  ITTAPI function not implemented: __itt_counter_inc_delta_v3
1460958 : 0x150766a6b9245e : 2 : ittapi_config_apply_per_lib :  ITTAPI function not implemented: __itt_counter_dec_v3
1460958 : 0x150766a6b92be1 : 2 : ittapi_config_apply_per_lib :  ITTAPI function not implemented: __itt_counter_dec_delta_v3
1460958 : 0x150766a6b93353 : 2 : ittapi_config_apply_per_lib :  ITTAPI function not implemented: __itt_marker
1460958 : 0x150766a6b93a35 : 2 : ittapi_config_apply_per_lib :  ITTAPI function instrumented: __itt_metadata_add
1460958 : 0x150766a6b941af : 2 : ittapi_config_apply_per_lib :  ITTAPI function not implemented: __itt_metadata_str_add
1460958 : 0x150766a6b948ca : 2 : ittapi_config_apply_per_lib :  ITTAPI function not implemented: __itt_relation_add_to_current
1460958 : 0x150766a6b95039 : 2 : ittapi_config_apply_per_lib :  ITTAPI function not implemented: __itt_relation_add
1460958 : 0x150766a6b9636c : 2 : ittapi_config_apply_per_lib :  ITTAPI function instrumented: __itt_event_create
1460958 : 0x150766a6b96ae3 : 2 : ittapi_config_apply_per_lib :  ITTAPI function instrumented: __itt_event_start
1460958 : 0x150766a6b971be : 2 : ittapi_config_apply_per_lib :  ITTAPI function instrumented: __itt_event_end
1460958 : 0x150766a6b97542 : 2 : ittapi_config_apply_per_lib :  ITTAPI function NOT instrumented (not matched by --itt-config option): __itt_sync_set_name

1460958 : 0x150766a6b978ff : 2 : ittapi_config_apply_per_lib :  ITTAPI function NOT instrumented (not matched by --itt-config option): __itt_notify_sync_name

1460958 : 0x150766a6b97c9f : 2 : ittapi_config_apply_per_lib :  ITTAPI function NOT instrumented (not matched by --itt-config option): __itt_notify_sync_prepare

1460958 : 0x150766a6b98035 : 2 : ittapi_config_apply_per_lib :  ITTAPI function NOT instrumented (not matched by --itt-config option): __itt_notify_sync_cancel

1460958 : 0x150766a6b983ce : 2 : ittapi_config_apply_per_lib :  ITTAPI function NOT instrumented (not matched by --itt-config option): __itt_notify_sync_acquired

1460958 : 0x150766a6b98722 : 2 : ittapi_config_apply_per_lib :  ITTAPI function NOT instrumented (not matched by --itt-config option): __itt_notify_sync_releasing

1460958 : 0x150766a6b98e40 : 2 : ittapi_config_apply_per_lib :  ITTAPI function not implemented: __itt_memory_read
1460958 : 0x150766a6b9a9e9 : 2 : ittapi_config_apply_per_lib :  ITTAPI function not implemented: __itt_memory_write
1460958 : 0x150766a6b9b19e : 2 : ittapi_config_apply_per_lib :  ITTAPI function not implemented: __itt_memory_update
1460958 : 0x150766a6b9b94f : 2 : ittapi_config_apply_per_lib :  ITTAPI function not implemented: __itt_state_get
1460958 : 0x150766a6b9c058 : 2 : ittapi_config_apply_per_lib :  ITTAPI function not implemented: __itt_state_set
1460958 : 0x150766a6b9c7da : 2 : ittapi_config_apply_per_lib :  ITTAPI function not implemented: __itt_obj_mode_set
1460958 : 0x150766a6b9cf4f : 2 : ittapi_config_apply_per_lib :  ITTAPI function not implemented: __itt_thr_mode_set
1460958 : 0x150766a6b9d5ea : 2 : ittapi_config_apply_per_lib :  ITTAPI function instrumented: __itt_frame_create
1460958 : 0x150766a6b9dcb3 : 2 : ittapi_config_apply_per_lib :  ITTAPI function instrumented: __itt_pt_region_create
1460958 : 0x150766a6b9e323 : 2 : ittapi_config_apply_per_lib :  ITTAPI function instrumented: __itt_frame_begin
1460958 : 0x150766a6b9ea1e : 2 : ittapi_config_apply_per_lib :  ITTAPI function instrumented: __itt_frame_end
1460958 : 0x150766a6b9ff21 : 2 : ittapi_config_apply_per_lib :  ITTAPI function not implemented: __itt_counter_destroy
1460958 : 0x150766a6ba064f : 2 : ittapi_config_apply_per_lib :  ITTAPI function instrumented: __itt_counter_inc
1460958 : 0x150766a6ba0d32 : 2 : ittapi_config_apply_per_lib :  ITTAPI function instrumented: __itt_counter_inc_delta
1460958 : 0x150766a6ba1391 : 2 : ittapi_config_apply_per_lib :  ITTAPI function instrumented: __itt_counter_dec
1460958 : 0x150766a6ba1a48 : 2 : ittapi_config_apply_per_lib :  ITTAPI function instrumented: __itt_counter_dec_delta
1460958 : 0x150766a6ba20bd : 2 : ittapi_config_apply_per_lib :  ITTAPI function instrumented: __itt_counter_set_value
1460958 : 0x150766a6ba27c3 : 2 : ittapi_config_apply_per_lib :  ITTAPI function not implemented: __itt_counter_set_value_ex
1460958 : 0x150766a6ba2ed1 : 2 : ittapi_config_apply_per_lib :  ITTAPI function not implemented: __itt_mark_create
1460958 : 0x150766a6ba3660 : 2 : ittapi_config_apply_per_lib :  ITTAPI function not implemented: __itt_mark
1460958 : 0x150766a6ba3e72 : 2 : ittapi_config_apply_per_lib :  ITTAPI function not implemented: __itt_mark_off
1460958 : 0x150766a6ba522e : 2 : ittapi_config_apply_per_lib :  ITTAPI function not implemented: __itt_mark_global
1460958 : 0x150766a6ba59a7 : 2 : ittapi_config_apply_per_lib :  ITTAPI function not implemented: __itt_mark_global_off
1460958 : 0x150766a6ba613b : 2 : ittapi_config_apply_per_lib :  ITTAPI function instrumented: __itt_stack_caller_create
1460958 : 0x150766a6ba682f : 2 : ittapi_config_apply_per_lib :  ITTAPI function instrumented: __itt_stack_caller_destroy
1460958 : 0x150766a6ba6f04 : 2 : ittapi_config_apply_per_lib :  ITTAPI function instrumented: __itt_stack_callee_enter
1460958 : 0x150766a6ba754f : 2 : ittapi_config_apply_per_lib :  ITTAPI function instrumented: __itt_stack_callee_leave
1460958 : 0x150766a6ba7c67 : 2 : ittapi_config_apply_per_lib :  ITTAPI function not implemented: __itt_clock_domain_create
1460958 : 0x150766a6ba83eb : 2 : ittapi_config_apply_per_lib :  ITTAPI function not implemented: __itt_clock_domain_reset
1460958 : 0x150766a6ba8b6f : 2 : ittapi_config_apply_per_lib :  ITTAPI function not implemented: __itt_id_create_ex
1460958 : 0x150766a6ba9324 : 2 : ittapi_config_apply_per_lib :  ITTAPI function not implemented: __itt_id_destroy_ex
1460958 : 0x150766a6baad97 : 2 : ittapi_config_apply_per_lib :  ITTAPI function not implemented: __itt_task_begin_ex
1460958 : 0x150766a6bab50f : 2 : ittapi_config_apply_per_lib :  ITTAPI function not implemented: __itt_task_begin_fn_ex
1460958 : 0x150766a6babc86 : 2 : ittapi_config_apply_per_lib :  ITTAPI function not implemented: __itt_task_end_ex
1460958 : 0x150766a6bac3ba : 2 : ittapi_config_apply_per_lib :  ITTAPI function instrumented: __itt_task_begin_overlapped
1460958 : 0x150766a6bacb0f : 2 : ittapi_config_apply_per_lib :  ITTAPI function not implemented: __itt_task_begin_overlapped_ex
1460958 : 0x150766a6bad1f7 : 2 : ittapi_config_apply_per_lib :  ITTAPI function instrumented: __itt_task_end_overlapped
1460958 : 0x150766a6bad941 : 2 : ittapi_config_apply_per_lib :  ITTAPI function not implemented: __itt_task_end_overlapped_ex
1460958 : 0x150766a6bae084 : 2 : ittapi_config_apply_per_lib :  ITTAPI function not implemented: __itt_marker_ex
1460958 : 0x150766a6bae880 : 2 : ittapi_config_apply_per_lib :  ITTAPI function not implemented: __itt_metadata_add_with_scope
1460958 : 0x150766a6baf0ab : 2 : ittapi_config_apply_per_lib :  ITTAPI function not implemented: __itt_metadata_str_add_with_scope
1460958 : 0x150766a6bb051b : 2 : ittapi_config_apply_per_lib :  ITTAPI function not implemented: __itt_relation_add_to_current_ex
1460958 : 0x150766a6bb0c84 : 2 : ittapi_config_apply_per_lib :  ITTAPI function not implemented: __itt_relation_add_ex
1460958 : 0x150766a6bb1421 : 2 : ittapi_config_apply_per_lib :  ITTAPI function not implemented: __itt_track_group_create
1460958 : 0x150766a6bb1b6b : 2 : ittapi_config_apply_per_lib :  ITTAPI function not implemented: __itt_track_create
1460958 : 0x150766a6bb22be : 2 : ittapi_config_apply_per_lib :  ITTAPI function not implemented: __itt_set_track
1460958 : 0x150766a6bb2a02 : 2 : ittapi_config_apply_per_lib :  ITTAPI function instrumented: __itt_api_version
1460958 : 0x150766a6bb311a : 2 : ittapi_config_apply_per_lib :  ITTAPI function not implemented: __itt_av_save
1460958 : 0x150766a6bb3808 : 2 : ittapi_config_apply_per_lib :  ITTAPI function instrumented: __itt_module_load
1460958 : 0x150766a6bb3fb0 : 2 : ittapi_config_apply_per_lib :  ITTAPI function not implemented: __itt_module_unload
1460958 : 0x150766a6bfb531 : 2 : ittapi_config_mask_get :  --itt-config mask to be applied: 55
1460958 : 0x150766a6bfde5d : 2 : ittapi_config_apply_per_lib :  ITTAPI function instrumented: __itt_domain_create
1460958 : 0x150766a6bfe679 : 2 : ittapi_config_apply_per_lib :  ITTAPI function instrumented: __itt_module_load_with_sections
1460958 : 0x150766a6bfefad : 2 : ittapi_config_apply_per_lib :  ITTAPI function not implemented: __itt_module_unload_with_sections
1460958 : 0x150766a6bff6f2 : 2 : ittapi_config_apply_per_lib :  ITTAPI function instrumented: __itt_string_handle_create
1460958 : 0x150766a6bffdac : 2 : ittapi_config_apply_per_lib :  ITTAPI function instrumented: __itt_counter_create
1460958 : 0x150766a6c0041e : 2 : ittapi_config_apply_per_lib :  ITTAPI function instrumented: __itt_counter_create_typed
1460958 : 0x150766a6c00b5a : 2 : ittapi_config_apply_per_lib :  ITTAPI function instrumented: __itt_pause
1460958 : 0x150766a6c01244 : 2 : ittapi_config_apply_per_lib :  ITTAPI function instrumented: __itt_resume
1460958 : 0x150766a6c0186c : 2 : ittapi_config_apply_per_lib :  ITTAPI function instrumented: __itt_thread_set_name
1460958 : 0x150766a6c01f9d : 2 : ittapi_config_apply_per_lib :  ITTAPI function instrumented: __itt_thread_ignore
1460958 : 0x150766a6c03fe1 : 2 : ittapi_config_apply_per_lib :  ITTAPI function instrumented: __itt_thr_name_set
1460958 : 0x150766a6c04713 : 2 : ittapi_config_apply_per_lib :  ITTAPI function instrumented: __itt_thr_ignore
1460958 : 0x150766a6c04f48 : 2 : ittapi_config_apply_per_lib :  ITTAPI function not implemented: __itt_enable_attach
1460958 : 0x150766a6c05655 : 2 : ittapi_config_apply_per_lib :  ITTAPI function instrumented: __itt_detach
1460958 : 0x150766a6c05a3e : 2 : ittapi_config_apply_per_lib :  ITTAPI function NOT instrumented (not matched by --itt-config option): __itt_sync_create

1460958 : 0x150766a6c05e29 : 2 : ittapi_config_apply_per_lib :  ITTAPI function NOT instrumented (not matched by --itt-config option): __itt_sync_rename

1460958 : 0x150766a6c061f5 : 2 : ittapi_config_apply_per_lib :  ITTAPI function NOT instrumented (not matched by --itt-config option): __itt_sync_destroy

1460958 : 0x150766a6c065e6 : 2 : ittapi_config_apply_per_lib :  ITTAPI function NOT instrumented (not matched by --itt-config option): __itt_sync_prepare

1460958 : 0x150766a6c06963 : 2 : ittapi_config_apply_per_lib :  ITTAPI function NOT instrumented (not matched by --itt-config option): __itt_sync_cancel

1460958 : 0x150766a6c06cd1 : 2 : ittapi_config_apply_per_lib :  ITTAPI function NOT instrumented (not matched by --itt-config option): __itt_sync_acquired

1460958 : 0x150766a6c07d04 : 2 : ittapi_config_apply_per_lib :  ITTAPI function NOT instrumented (not matched by --itt-config option): __itt_sync_releasing

1460958 : 0x150766a6c08536 : 2 : ittapi_config_apply_per_lib :  ITTAPI function not implemented: __itt_suppress_push
1460958 : 0x150766a6c08d96 : 2 : ittapi_config_apply_per_lib :  ITTAPI function not implemented: __itt_suppress_pop
1460958 : 0x150766a6c09514 : 2 : ittapi_config_apply_per_lib :  ITTAPI function not implemented: __itt_suppress_mark_range
1460958 : 0x150766a6c09cb9 : 2 : ittapi_config_apply_per_lib :  ITTAPI function not implemented: __itt_suppress_clear_range
1460958 : 0x150766a6c0a088 : 2 : ittapi_config_apply_per_lib :  ITTAPI function NOT instrumented (not matched by --itt-config option): __itt_sync_prepare

1460958 : 0x150766a6c0a414 : 2 : ittapi_config_apply_per_lib :  ITTAPI function NOT instrumented (not matched by --itt-config option): __itt_sync_cancel

1460958 : 0x150766a6c0a791 : 2 : ittapi_config_apply_per_lib :  ITTAPI function NOT instrumented (not matched by --itt-config option): __itt_sync_acquired

1460958 : 0x150766a6c0ab13 : 2 : ittapi_config_apply_per_lib :  ITTAPI function NOT instrumented (not matched by --itt-config option): __itt_sync_releasing

1460958 : 0x150766a6c0aef5 : 2 : ittapi_config_apply_per_lib :  ITTAPI function NOT instrumented (not matched by --itt-config option): __itt_model_site_begin

1460958 : 0x150766a6c0bf18 : 2 : ittapi_config_apply_per_lib :  ITTAPI function NOT instrumented (not matched by --itt-config option): __itt_model_site_end

1460958 : 0x150766a6c0c2ea : 2 : ittapi_config_apply_per_lib :  ITTAPI function NOT instrumented (not matched by --itt-config option): __itt_model_task_begin

1460958 : 0x150766a6c0c688 : 2 : ittapi_config_apply_per_lib :  ITTAPI function NOT instrumented (not matched by --itt-config option): __itt_model_task_end

1460958 : 0x150766a6c0c9fd : 2 : ittapi_config_apply_per_lib :  ITTAPI function NOT instrumented (not matched by --itt-config option): __itt_model_lock_acquire

1460958 : 0x150766a6c0cd9b : 2 : ittapi_config_apply_per_lib :  ITTAPI function NOT instrumented (not matched by --itt-config option): __itt_model_lock_release

1460958 : 0x150766a6c0d11f : 2 : ittapi_config_apply_per_lib :  ITTAPI function NOT instrumented (not matched by --itt-config option): __itt_model_record_allocation

1460958 : 0x150766a6c0d483 : 2 : ittapi_config_apply_per_lib :  ITTAPI function NOT instrumented (not matched by --itt-config option): __itt_model_record_deallocation

1460958 : 0x150766a6c0d80d : 2 : ittapi_config_apply_per_lib :  ITTAPI function NOT instrumented (not matched by --itt-config option): __itt_model_induction_uses

1460958 : 0x150766a6c0dba1 : 2 : ittapi_config_apply_per_lib :  ITTAPI function NOT instrumented (not matched by --itt-config option): __itt_model_reduction_uses

1460958 : 0x150766a6c0df2e : 2 : ittapi_config_apply_per_lib :  ITTAPI function NOT instrumented (not matched by --itt-config option): __itt_model_observe_uses

1460958 : 0x150766a6c0fb89 : 2 : ittapi_config_apply_per_lib :  ITTAPI function NOT instrumented (not matched by --itt-config option): __itt_model_clear_uses

1460958 : 0x150766a6c0ff65 : 2 : ittapi_config_apply_per_lib :  ITTAPI function NOT instrumented (not matched by --itt-config option): __itt_model_site_beginA

1460958 : 0x150766a6c102e8 : 2 : ittapi_config_apply_per_lib :  ITTAPI function NOT instrumented (not matched by --itt-config option): __itt_model_site_beginAL

1460958 : 0x150766a6c10652 : 2 : ittapi_config_apply_per_lib :  ITTAPI function NOT instrumented (not matched by --itt-config option): __itt_model_task_beginA

1460958 : 0x150766a6c109e9 : 2 : ittapi_config_apply_per_lib :  ITTAPI function NOT instrumented (not matched by --itt-config option): __itt_model_task_beginAL

1460958 : 0x150766a6c10d9a : 2 : ittapi_config_apply_per_lib :  ITTAPI function NOT instrumented (not matched by --itt-config option): __itt_model_iteration_taskA

1460958 : 0x150766a6c110fd : 2 : ittapi_config_apply_per_lib :  ITTAPI function NOT instrumented (not matched by --itt-config option): __itt_model_iteration_taskAL

1460958 : 0x150766a6c1144a : 2 : ittapi_config_apply_per_lib :  ITTAPI function NOT instrumented (not matched by --itt-config option): __itt_model_site_end_2

1460958 : 0x150766a6c117ca : 2 : ittapi_config_apply_per_lib :  ITTAPI function NOT instrumented (not matched by --itt-config option): __itt_model_task_end_2

1460958 : 0x150766a6c11b26 : 2 : ittapi_config_apply_per_lib :  ITTAPI function NOT instrumented (not matched by --itt-config option): __itt_model_lock_acquire_2

1460958 : 0x150766a6c12abd : 2 : ittapi_config_apply_per_lib :  ITTAPI function NOT instrumented (not matched by --itt-config option): __itt_model_lock_release_2

1460958 : 0x150766a6c12e8c : 2 : ittapi_config_apply_per_lib :  ITTAPI function NOT instrumented (not matched by --itt-config option): __itt_model_aggregate_task

1460958 : 0x150766a6c13214 : 2 : ittapi_config_apply_per_lib :  ITTAPI function NOT instrumented (not matched by --itt-config option): __itt_model_disable_push

1460958 : 0x150766a6c136fe : 2 : ittapi_config_apply_per_lib :  ITTAPI function NOT instrumented (not matched by --itt-config option): __itt_model_disable_pop

1460958 : 0x150766a6c13dfb : 2 : ittapi_config_apply_per_lib :  ITTAPI function instrumented: __itt_heap_function_create
1460958 : 0x150766a6c14540 : 2 : ittapi_config_apply_per_lib :  ITTAPI function instrumented: __itt_heap_allocate_begin
1460958 : 0x150766a6c14bd2 : 2 : ittapi_config_apply_per_lib :  ITTAPI function instrumented: __itt_heap_allocate_end
1460958 : 0x150766a6c15285 : 2 : ittapi_config_apply_per_lib :  ITTAPI function instrumented: __itt_heap_free_begin
1460958 : 0x150766a6c158d5 : 2 : ittapi_config_apply_per_lib :  ITTAPI function instrumented: __itt_heap_free_end
1460958 : 0x150766a6c15f8a : 2 : ittapi_config_apply_per_lib :  ITTAPI function instrumented: __itt_heap_reallocate_begin
1460958 : 0x150766a6c173f8 : 2 : ittapi_config_apply_per_lib :  ITTAPI function instrumented: __itt_heap_reallocate_end
1460958 : 0x150766a6c17bf4 : 2 : ittapi_config_apply_per_lib :  ITTAPI function not implemented: __itt_heap_internal_access_begin
1460958 : 0x150766a6c18375 : 2 : ittapi_config_apply_per_lib :  ITTAPI function not implemented: __itt_heap_internal_access_end
1460958 : 0x150766a6c18b31 : 2 : ittapi_config_apply_per_lib :  ITTAPI function not implemented: __itt_heap_record_memory_growth_begin
1460958 : 0x150766a6c192d2 : 2 : ittapi_config_apply_per_lib :  ITTAPI function not implemented: __itt_heap_record_memory_growth_end
1460958 : 0x150766a6c19a5f : 2 : ittapi_config_apply_per_lib :  ITTAPI function not implemented: __itt_heap_reset_detection
1460958 : 0x150766a6c1a21a : 2 : ittapi_config_apply_per_lib :  ITTAPI function not implemented: __itt_heap_record
1460958 : 0x150766a6c1a979 : 2 : ittapi_config_apply_per_lib :  ITTAPI function not implemented: __itt_id_create
1460958 : 0x150766a6c1b11b : 2 : ittapi_config_apply_per_lib :  ITTAPI function not implemented: __itt_id_destroy
1460958 : 0x150766a6c1b7f2 : 2 : ittapi_config_apply_per_lib :  ITTAPI function instrumented: __itt_get_timestamp
1460958 : 0x150766a6c1d5c2 : 2 : ittapi_config_apply_per_lib :  ITTAPI function not implemented: __itt_region_begin
1460958 : 0x150766a6c1dda7 : 2 : ittapi_config_apply_per_lib :  ITTAPI function not implemented: __itt_region_end
1460958 : 0x150766a6c1e512 : 2 : ittapi_config_apply_per_lib :  ITTAPI function instrumented: __itt_frame_begin_v3
1460958 : 0x150766a6c1ebfb : 2 : ittapi_config_apply_per_lib :  ITTAPI function instrumented: __itt_frame_end_v3
1460958 : 0x150766a6c1f2c7 : 2 : ittapi_config_apply_per_lib :  ITTAPI function instrumented: __itt_frame_submit_v3
1460958 : 0x150766a6c1fa3e : 2 : ittapi_config_apply_per_lib :  ITTAPI function not implemented: __itt_task_group
1460958 : 0x150766a6c201af : 2 : ittapi_config_apply_per_lib :  ITTAPI function instrumented: __itt_task_begin
1460958 : 0x150766a6c20887 : 2 : ittapi_config_apply_per_lib :  ITTAPI function instrumented: __itt_task_begin_fn
1460958 : 0x150766a6c20f4c : 2 : ittapi_config_apply_per_lib :  ITTAPI function instrumented: __itt_task_end
1460958 : 0x150766a6c216a3 : 2 : ittapi_config_apply_per_lib :  ITTAPI function not implemented: __itt_counter_inc_v3
1460958 : 0x150766a6c22b37 : 2 : ittapi_config_apply_per_lib :  ITTAPI function not implemented: __itt_counter_inc_delta_v3
1460958 : 0x150766a6c2333e : 2 : ittapi_config_apply_per_lib :  ITTAPI function not implemented: __itt_counter_dec_v3
1460958 : 0x150766a6c23a97 : 2 : ittapi_config_apply_per_lib :  ITTAPI function not implemented: __itt_counter_dec_delta_v3
1460958 : 0x150766a6c241ea : 2 : ittapi_config_apply_per_lib :  ITTAPI function not implemented: __itt_marker
1460958 : 0x150766a6c248bb : 2 : ittapi_config_apply_per_lib :  ITTAPI function instrumented: __itt_metadata_add
1460958 : 0x150766a6c25051 : 2 : ittapi_config_apply_per_lib :  ITTAPI function not implemented: __itt_metadata_str_add
1460958 : 0x150766a6c25765 : 2 : ittapi_config_apply_per_lib :  ITTAPI function not implemented: __itt_relation_add_to_current
1460958 : 0x150766a6c25eaa : 2 : ittapi_config_apply_per_lib :  ITTAPI function not implemented: __itt_relation_add
1460958 : 0x150766a6c26552 : 2 : ittapi_config_apply_per_lib :  ITTAPI function instrumented: __itt_event_create
1460958 : 0x150766a6c26c1f : 2 : ittapi_config_apply_per_lib :  ITTAPI function instrumented: __itt_event_start
1460958 : 0x150766a6c27fd2 : 2 : ittapi_config_apply_per_lib :  ITTAPI function instrumented: __itt_event_end
1460958 : 0x150766a6c283c6 : 2 : ittapi_config_apply_per_lib :  ITTAPI function NOT instrumented (not matched by --itt-config option): __itt_sync_set_name

1460958 : 0x150766a6c28795 : 2 : ittapi_config_apply_per_lib :  ITTAPI function NOT instrumented (not matched by --itt-config option): __itt_notify_sync_name

1460958 : 0x150766a6c28b2b : 2 : ittapi_config_apply_per_lib :  ITTAPI function NOT instrumented (not matched by --itt-config option): __itt_notify_sync_prepare

1460958 : 0x150766a6c28ebf : 2 : ittapi_config_apply_per_lib :  ITTAPI function NOT instrumented (not matched by --itt-config option): __itt_notify_sync_cancel

1460958 : 0x150766a6c29234 : 2 : ittapi_config_apply_per_lib :  ITTAPI function NOT instrumented (not matched by --itt-config option): __itt_notify_sync_acquired

1460958 : 0x150766a6c295a1 : 2 : ittapi_config_apply_per_lib :  ITTAPI function NOT instrumented (not matched by --itt-config option): __itt_notify_sync_releasing

1460958 : 0x150766a6c29cae : 2 : ittapi_config_apply_per_lib :  ITTAPI function not implemented: __itt_memory_read
1460958 : 0x150766a6c2a40c : 2 : ittapi_config_apply_per_lib :  ITTAPI function not implemented: __itt_memory_write
1460958 : 0x150766a6c2ab49 : 2 : ittapi_config_apply_per_lib :  ITTAPI function not implemented: __itt_memory_update
1460958 : 0x150766a6c2c720 : 2 : ittapi_config_apply_per_lib :  ITTAPI function not implemented: __itt_state_get
1460958 : 0x150766a6c2ce83 : 2 : ittapi_config_apply_per_lib :  ITTAPI function not implemented: __itt_state_set
1460958 : 0x150766a6c2d634 : 2 : ittapi_config_apply_per_lib :  ITTAPI function not implemented: __itt_obj_mode_set
1460958 : 0x150766a6c2dda3 : 2 : ittapi_config_apply_per_lib :  ITTAPI function not implemented: __itt_thr_mode_set
1460958 : 0x150766a6c2e437 : 2 : ittapi_config_apply_per_lib :  ITTAPI function instrumented: __itt_frame_create
1460958 : 0x150766a6c2ea8f : 2 : ittapi_config_apply_per_lib :  ITTAPI function instrumented: __itt_pt_region_create
1460958 : 0x150766a6c2f114 : 2 : ittapi_config_apply_per_lib :  ITTAPI function instrumented: __itt_frame_begin
1460958 : 0x150766a6c2f7b0 : 2 : ittapi_config_apply_per_lib :  ITTAPI function instrumented: __itt_frame_end
1460958 : 0x150766a6c2ff3f : 2 : ittapi_config_apply_per_lib :  ITTAPI function not implemented: __itt_counter_destroy
1460958 : 0x150766a6c30687 : 2 : ittapi_config_apply_per_lib :  ITTAPI function instrumented: __itt_counter_inc
1460958 : 0x150766a6c31c55 : 2 : ittapi_config_apply_per_lib :  ITTAPI function instrumented: __itt_counter_inc_delta
1460958 : 0x150766a6c322f1 : 2 : ittapi_config_apply_per_lib :  ITTAPI function instrumented: __itt_counter_dec
1460958 : 0x150766a6c329be : 2 : ittapi_config_apply_per_lib :  ITTAPI function instrumented: __itt_counter_dec_delta
1460958 : 0x150766a6c33038 : 2 : ittapi_config_apply_per_lib :  ITTAPI function instrumented: __itt_counter_set_value
1460958 : 0x150766a6c3374e : 2 : ittapi_config_apply_per_lib :  ITTAPI function not implemented: __itt_counter_set_value_ex
1460958 : 0x150766a6c33e51 : 2 : ittapi_config_apply_per_lib :  ITTAPI function not implemented: __itt_mark_create
1460958 : 0x150766a6c345fc : 2 : ittapi_config_apply_per_lib :  ITTAPI function not implemented: __itt_mark
1460958 : 0x150766a6c34d98 : 2 : ittapi_config_apply_per_lib :  ITTAPI function not implemented: __itt_mark_off
1460958 : 0x150766a6c354b6 : 2 : ittapi_config_apply_per_lib :  ITTAPI function not implemented: __itt_mark_global
1460958 : 0x150766a6c35bf6 : 2 : ittapi_config_apply_per_lib :  ITTAPI function not implemented: __itt_mark_global_off
1460958 : 0x150766a6c3701e : 2 : ittapi_config_apply_per_lib :  ITTAPI function instrumented: __itt_stack_caller_create
1460958 : 0x150766a6c37781 : 2 : ittapi_config_apply_per_lib :  ITTAPI function instrumented: __itt_stack_caller_destroy
1460958 : 0x150766a6c37e50 : 2 : ittapi_config_apply_per_lib :  ITTAPI function instrumented: __itt_stack_callee_enter
1460958 : 0x150766a6c38496 : 2 : ittapi_config_apply_per_lib :  ITTAPI function instrumented: __itt_stack_callee_leave
1460958 : 0x150766a6c38baf : 2 : ittapi_config_apply_per_lib :  ITTAPI function not implemented: __itt_clock_domain_create
1460958 : 0x150766a6c39315 : 2 : ittapi_config_apply_per_lib :  ITTAPI function not implemented: __itt_clock_domain_reset
1460958 : 0x150766a6c39a5d : 2 : ittapi_config_apply_per_lib :  ITTAPI function not implemented: __itt_id_create_ex
1460958 : 0x150766a6c3a1e8 : 2 : ittapi_config_apply_per_lib :  ITTAPI function not implemented: __itt_id_destroy_ex
1460958 : 0x150766a6c3a95a : 2 : ittapi_config_apply_per_lib :  ITTAPI function not implemented: __itt_task_begin_ex
1460958 : 0x150766a6c3b0b3 : 2 : ittapi_config_apply_per_lib :  ITTAPI function not implemented: __itt_task_begin_fn_ex
1460958 : 0x150766a6c3c4a9 : 2 : ittapi_config_apply_per_lib :  ITTAPI function not implemented: __itt_task_end_ex
1460958 : 0x150766a6c3cc01 : 2 : ittapi_config_apply_per_lib :  ITTAPI function instrumented: __itt_task_begin_overlapped
1460958 : 0x150766a6c3d338 : 2 : ittapi_config_apply_per_lib :  ITTAPI function not implemented: __itt_task_begin_overlapped_ex
1460958 : 0x150766a6c3da14 : 2 : ittapi_config_apply_per_lib :  ITTAPI function instrumented: __itt_task_end_overlapped
1460958 : 0x150766a6c3e168 : 2 : ittapi_config_apply_per_lib :  ITTAPI function not implemented: __itt_task_end_overlapped_ex
1460958 : 0x150766a6c3e87d : 2 : ittapi_config_apply_per_lib :  ITTAPI function not implemented: __itt_marker_ex
1460958 : 0x150766a6c3effc : 2 : ittapi_config_apply_per_lib :  ITTAPI function not implemented: __itt_metadata_add_with_scope
1460958 : 0x150766a6c3f7c0 : 2 : ittapi_config_apply_per_lib :  ITTAPI function not implemented: __itt_metadata_str_add_with_scope
1460958 : 0x150766a6c3ff24 : 2 : ittapi_config_apply_per_lib :  ITTAPI function not implemented: __itt_relation_add_to_current_ex
1460958 : 0x150766a6c406aa : 2 : ittapi_config_apply_per_lib :  ITTAPI function not implemented: __itt_relation_add_ex
1460958 : 0x150766a6c42186 : 2 : ittapi_config_apply_per_lib :  ITTAPI function not implemented: __itt_track_group_create
1460958 : 0x150766a6c42893 : 2 : ittapi_config_apply_per_lib :  ITTAPI function not implemented: __itt_track_create
1460958 : 0x150766a6c4301f : 2 : ittapi_config_apply_per_lib :  ITTAPI function not implemented: __itt_set_track
1460958 : 0x150766a6c43747 : 2 : ittapi_config_apply_per_lib :  ITTAPI function instrumented: __itt_api_version
1460958 : 0x150766a6c43e83 : 2 : ittapi_config_apply_per_lib :  ITTAPI function not implemented: __itt_av_save
1460958 : 0x150766a6c4456b : 2 : ittapi_config_apply_per_lib :  ITTAPI function instrumented: __itt_module_load
1460958 : 0x150766a6c44ccb : 2 : ittapi_config_apply_per_lib :  ITTAPI function not implemented: __itt_module_unload