
1460436 : 0x1507548ad6934e : 1 : spill_jit_data :  Jit agent is not initialized
1460420 : 0x1507548ad6be36 : 2 : ittapi_config_mask_get :  --itt-config mask to be applied: 55
1460420 : 0x1507548ad6daf1 : 2 : ittapi_config_apply_per_lib :  ITTAPI function instrumented: __itt_domain_create
1460420 : 0x1507548ad6e51b : 2 : ittapi_config_apply_per_lib :  ITTAPI function instrumented: __itt_module_load_with_sections
1460420 : 0x1507548ad6f2ac : 2 : ittapi_config_apply_per_lib :  ITTAPI function not implemented: __itt_module_unload_with_sections
1460420 : 0x1507548ad6fafe : 2 : ittapi_config_apply_per_lib :  ITTAPI function instrumented: __itt_string_handle_create
1460420 : 0x1507548ad70220 : 2 : ittapi_config_apply_per_lib :  ITTAPI function instrumented: __itt_counter_create
1460420 : 0x1507548ad7089b : 2 : ittapi_config_apply_per_lib :  ITTAPI function instrumented: __itt_counter_create_typed
1460420 : 0x1507548ad710f2 : 2 : ittapi_config_apply_per_lib :  ITTAPI function instrumented: __itt_pause
1460420 : 0x1507548ad717c6 : 2 : ittapi_config_apply_per_lib :  ITTAPI function instrumented: __itt_resume
1460420 : 0x1507548ad777cf : 2 : ittapi_config_apply_per_lib :  ITTAPI function instrumented: __itt_thread_set_name
1460420 : 0x1507548ad78060 : 2 : ittapi_config_apply_per_lib :  ITTAPI function instrumented: __itt_thread_ignore
1460420 : 0x1507548ad7877e : 2 : ittapi_config_apply_per_lib :  ITTAPI function instrumented: __itt_thr_name_set
1460420 : 0x1507548ad78e5e : 2 : ittapi_config_apply_per_lib :  ITTAPI function instrumented: __itt_thr_ignore
1460420 : 0x1507548ad798ac : 2 : ittapi_config_apply_per_lib :  ITTAPI function not implemented: __itt_enable_attach
1460420 : 0x1507548ad79fdd : 2 : ittapi_config_apply_per_lib :  ITTAPI function instrumented: __itt_detach
1460420 : 0x1507548ad7a3f9 : 2 : ittapi_config_apply_per_lib :  ITTAPI function NOT instrumented (not matched by --itt-config option): __itt_sync_create

1460420 : 0x1507548ad7a831 : 2 : ittapi_config_apply_per_lib :  ITTAPI function NOT instrumented (not matched by --itt-config option): __itt_sync_rename

1460420 : 0x1507548ad7ac3d : 2 : ittapi_config_apply_per_lib :  ITTAPI function NOT instrumented (not matched by --itt-config option): __itt_sync_destroy

1460420 : 0x1507548ad7b076 : 2 : ittapi_config_apply_per_lib :  ITTAPI function NOT instrumented (not matched by --itt-config option): __itt_sync_prepare

1460420 : 0x1507548ad7c566 : 2 : ittapi_config_apply_per_lib :  ITTAPI function NOT instrumented (not matched by --itt-config option): __itt_sync_cancel

1460420 : 0x1507548ad7c97f : 2 : ittapi_config_apply_per_lib :  ITTAPI function NOT instrumented (not matched by --itt-config option): __itt_sync_acquired

1460420 : 0x1507548ad7cd2c : 2 : ittapi_config_apply_per_lib :  ITTAPI function NOT instrumented (not matched by --itt-config option): __itt_sync_releasing

1460420 : 0x1507548ad7d624 : 2 : ittapi_config_apply_per_lib :  ITTAPI function not implemented: __itt_suppress_push
1460420 : 0x1507548ad7def6 : 2 : ittapi_config_apply_per_lib :  ITTAPI function not implemented: __itt_suppress_pop
1460420 : 0x1507548ad7e698 : 2 : ittapi_config_apply_per_lib :  ITTAPI function not implemented: __itt_suppress_mark_range
1460420 : 0x1507548ad7ee2f : 2 : ittapi_config_apply_per_lib :  ITTAPI function not implemented: __itt_suppress_clear_range
1460420 : 0x1507548ad7f1df : 2 : ittapi_config_apply_per_lib :  ITTAPI function NOT instrumented (not matched by --itt-config option): __itt_sync_prepare

1460420 : 0x1507548ad7f5a5 : 2 : ittapi_config_apply_per_lib :  ITTAPI function NOT instrumented (not matched by --itt-config option): __itt_sync_cancel

1460420 : 0x1507548ad7f906 : 2 : ittapi_config_apply_per_lib :  ITTAPI function NOT instrumented (not matched by --itt-config option): __itt_sync_acquired

1460420 : 0x1507548ad80991 : 2 : ittapi_config_apply_per_lib :  ITTAPI function NOT instrumented (not matched by --itt-config option): __itt_sync_releasing

1460420 : 0x1507548ad80def : 2 : ittapi_config_apply_per_lib :  ITTAPI function NOT instrumented (not matched by --itt-config option): __itt_model_site_begin

1460420 : 0x1507548ad81195 : 2 : ittapi_config_apply_per_lib :  ITTAPI function NOT instrumented (not matched by --itt-config option): __itt_model_site_end

1460420 : 0x1507548ad81507 : 2 : ittapi_config_apply_per_lib :  ITTAPI function NOT instrumented (not matched by --itt-config option): __itt_model_task_begin

1460420 : 0x1507548ad81894 : 2 : ittapi_config_apply_per_lib :  ITTAPI function NOT instrumented (not matched by --itt-config option): __itt_model_task_end

1460420 : 0x1507548ad81c12 : 2 : ittapi_config_apply_per_lib :  ITTAPI function NOT instrumented (not matched by --itt-config option): __itt_model_lock_acquire

1460420 : 0x1507548ad8203c : 2 : ittapi_config_apply_per_lib :  ITTAPI function NOT instrumented (not matched by --itt-config option): __itt_model_lock_release

1460420 : 0x1507548ad823a2 : 2 : ittapi_config_apply_per_lib :  ITTAPI function NOT instrumented (not matched by --itt-config option): __itt_model_record_allocation

1460420 : 0x1507548ad826e8 : 2 : ittapi_config_apply_per_lib :  ITTAPI function NOT instrumented (not matched by --itt-config option): __itt_model_record_deallocation

1460420 : 0x1507548ad82a65 : 2 : ittapi_config_apply_per_lib :  ITTAPI function NOT instrumented (not matched by --itt-config option): __itt_model_induction_uses

1460420 : 0x1507548ad84877 : 2 : ittapi_config_apply_per_lib :  ITTAPI function NOT instrumented (not matched by --itt-config option): __itt_model_reduction_uses

1460420 : 0x1507548ad84c9d : 2 : ittapi_config_apply_per_lib :  ITTAPI function NOT instrumented (not matched by --itt-config option): __itt_model_observe_uses

1460420 : 0x1507548ad85029 : 2 : ittapi_config_apply_per_lib :  ITTAPI function NOT instrumented (not matched by --itt-config option): __itt_model_clear_uses

1460420 : 0x1507548ad853c3 : 2 : ittapi_config_apply_per_lib :  ITTAPI function NOT instrumented (not matched by --itt-config option): __itt_model_site_beginA

1460420 : 0x1507548ad8576e : 2 : ittapi_config_apply_per_lib :  ITTAPI function NOT instrumented (not matched by --itt-config option): __itt_model_site_beginAL

1460420 : 0x1507548ad85ad6 : 2 : ittapi_config_apply_per_lib :  ITTAPI function NOT instrumented (not matched by --itt-config option): __itt_model_task_beginA

1460420 : 0x1507548ad85e3e : 2 : ittapi_config_apply_per_lib :  ITTAPI function NOT instrumented (not matched by --itt-config option): __itt_model_task_beginAL

1460420 : 0x1507548ad86199 : 2 : ittapi_config_apply_per_lib :  ITTAPI function NOT instrumented (not matched by --itt-config option): __itt_model_iteration_taskA

1460420 : 0x1507548ad864de : 2 : ittapi_config_apply_per_lib :  ITTAPI function NOT instrumented (not matched by --itt-config option): __itt_model_iteration_taskAL

1460420 : 0x1507548ad86810 : 2 : ittapi_config_apply_per_lib :  ITTAPI function NOT instrumented (not matched by --itt-config option): __itt_model_site_end_2

1460420 : 0x1507548ad87876 : 2 : ittapi_config_apply_per_lib :  ITTAPI function NOT instrumented (not matched by --itt-config option): __itt_model_task_end_2

1460420 : 0x1507548ad87c15 : 2 : ittapi_config_apply_per_lib :  ITTAPI function NOT instrumented (not matched by --itt-config option): __itt_model_lock_acquire_2

1460420 : 0x1507548ad87fb9 : 2 : ittapi_config_apply_per_lib :  ITTAPI function NOT instrumented (not matched by --itt-config option): __itt_model_lock_release_2

1460420 : 0x1507548ad88333 : 2 : ittapi_config_apply_per_lib :  ITTAPI function NOT instrumented (not matched by --itt-config option): __itt_model_aggregate_task

1460420 : 0x1507548ad8869d : 2 : ittapi_config_apply_per_lib :  ITTAPI function NOT instrumented (not matched by --itt-config option): __itt_model_disable_push

1460420 : 0x1507548ad889e3 : 2 : ittapi_config_apply_per_lib :  ITTAPI function NOT instrumented (not matched by --itt-config option): __itt_model_disable_pop

1460420 : 0x1507548ad89175 : 2 : ittapi_config_apply_per_lib :  ITTAPI function instrumented: __itt_heap_function_create
1460420 : 0x1507548ad898ca : 2 : ittapi_config_apply_per_lib :  ITTAPI function instrumented: __itt_heap_allocate_begin
1460420 : 0x1507548ad89f4e : 2 : ittapi_config_apply_per_lib :  ITTAPI function instrumented: __itt_heap_allocate_end
1460420 : 0x1507548ad8a66a : 2 : ittapi_config_apply_per_lib :  ITTAPI function instrumented: __itt_heap_free_begin
1460420 : 0x1507548ad8c1cc : 2 : ittapi_config_apply_per_lib :  ITTAPI function instrumented: __itt_heap_free_end
1460420 : 0x1507548ad8c902 : 2 : ittapi_config_apply_per_lib :  ITTAPI function instrumented: __itt_heap_reallocate_begin
1460420 : 0x1507548ad8cf49 : 2 : ittapi_config_apply_per_lib :  ITTAPI function instrumented: __itt_heap_reallocate_end
1460420 : 0x1507548ad8d745 : 2 : ittapi_config_apply_per_lib :  ITTAPI function not implemented: __itt_heap_internal_access_begin
1460420 : 0x1507548ad8dee1 : 2 : ittapi_config_apply_per_lib :  ITTAPI function not implemented: __itt_heap_internal_access_end
1460420 : 0x1507548ad8e6b2 : 2 : ittapi_config_apply_per_lib :  ITTAPI function not implemented: __itt_heap_record_memory_growth_begin
1460420 : 0x1507548ad8ee48 : 2 : ittapi_config_apply_per_lib :  ITTAPI function not implemented: __itt_heap_record_memory_growth_end
1460420 : 0x1507548ad8f62b : 2 : ittapi_config_apply_per_lib :  ITTAPI function not implemented: __itt_heap_reset_detection
1460420 : 0x1507548ad8feae : 2 : ittapi_config_apply_per_lib :  ITTAPI function not implemented: __itt_heap_record
1460420 : 0x1507548ad90627 : 2 : ittapi_config_apply_per_lib :  ITTAPI function not implemented: __itt_id_create
1460420 : 0x1507548ad91afb : 2 : ittapi_config_apply_per_lib :  ITTAPI function not implemented: __itt_id_destroy
1460420 : 0x1507548ad9224b : 2 : ittapi_config_apply_per_lib :  ITTAPI function instrumented: __itt_get_timestamp
1460420 : 0x1507548ad9298e : 2 : ittapi_config_apply_per_lib :  ITTAPI function not implemented: __itt_region_begin
1460420 : 0x1507548ad9313c : 2 : ittapi_config_apply_per_lib :  ITTAPI function not implemented: __itt_region_end
1460420 : 0x1507548ad9386f : 2 : ittapi_config_apply_per_lib :  ITTAPI function instrumented: __itt_frame_begin_v3
1460420 : 0x1507548ad93f56 : 2 : ittapi_config_apply_per_lib :  ITTAPI function instrumented: __itt_frame_end_v3
1460420 : 0x1507548ad9465c : 2 : ittapi_config_apply_per_lib :  ITTAPI function instrumented: __itt_frame_submit_v3
1460420 : 0x1507548ad94e22 : 2 : ittapi_config_apply_per_lib :  ITTAPI function not implemented: __itt_task_group
1460420 : 0x1507548ad9553b : 2 : ittapi_config_apply_per_lib :  ITTAPI function instrumented: __itt_task_begin
1460420 : 0x1507548ad95c61 : 2 : ittapi_config_apply_per_lib :  ITTAPI function instrumented: __itt_task_begin_fn
1460420 : 0x1507548ad97023 : 2 : ittapi_config_apply_per_lib :  ITTAPI function instrumented: __itt_task_end
1460420 : 0x1507548ad9783f : 2 : ittapi_config_apply_per_lib :  ITTAPI function not implemented: __itt_counter_inc_v3
1460420 : 0x1507548ad97fe0 : 2 : ittapi_config_apply_per_lib :  ITTAPI function not implemented: __itt_counter_inc_delta_v3
1460420 : 0x1507548ad98765 : 2 : ittapi_config_apply_per_lib :  ITTAPI function not implemented: __itt_counter_dec_v3
1460420 : 0x1507548ad98ec2 : 2 : ittapi_config_apply_per_lib :  ITTAPI function not implemented: __itt_counter_dec_delta_v3
1460420 : 0x1507548ad9962f : 2 : ittapi_config_apply_per_lib :  ITTAPI function not implemented: __itt_marker
1460420 : 0x1507548ad99d31 : 2 : ittapi_config_apply_per_lib :  ITTAPI function instrumented: __itt_metadata_add
1460420 : 0x1507548ad9a4da : 2 : ittapi_config_apply_per_lib :  ITTAPI function not implemented: __itt_metadata_str_add
1460420 : 0x1507548ad9abf0 : 2 : ittapi_config_apply_per_lib :  ITTAPI function not implemented: __itt_relation_add_to_current
1460420 : 0x1507548ad9b35d : 2 : ittapi_config_apply_per_lib :  ITTAPI function not implemented: __itt_relation_add
1460420 : 0x1507548ad9c664 : 2 : ittapi_config_apply_per_lib :  ITTAPI function instrumented: __itt_event_create
1460420 : 0x1507548ad9cdc4 : 2 : ittapi_config_apply_per_lib :  ITTAPI function instrumented: __itt_event_start
1460420 : 0x1507548ad9d46a : 2 : ittapi_config_apply_per_lib :  ITTAPI function instrumented: __itt_event_end
1460420 : 0x1507548ad9d7f5 : 2 : ittapi_config_apply_per_lib :  ITTAPI function NOT instrumented (not matched by --itt-config option): __itt_sync_set_name

1460420 : 0x1507548ad9dc10 : 2 : ittapi_config_apply_per_lib :  ITTAPI function NOT instrumented (not matched by --itt-config option): __itt_notify_sync_name

1460420 : 0x1507548ad9dfb0 : 2 : ittapi_config_apply_per_lib :  ITTAPI function NOT instrumented (not matched by --itt-config option): __itt_notify_sync_prepare

1460420 : 0x1507548ad9e376 : 2 : ittapi_config_apply_per_lib :  ITTAPI function NOT instrumented (not matched by --itt-config option): __itt_notify_sync_cancel

1460420 : 0x1507548ad9e6e5 : 2 : ittapi_config_apply_per_lib :  ITTAPI function NOT instrumented (not matched by --itt-config option): __itt_notify_sync_acquired

1460420 : 0x1507548ad9ea41 : 2 : ittapi_config_apply_per_lib :  ITTAPI function NOT instrumented (not matched by --itt-config option): __itt_notify_sync_releasing

1460420 : 0x1507548ad9f1c2 : 2 : ittapi_config_apply_per_lib :  ITTAPI function not implemented: __itt_memory_read
1460420 : 0x1507548ada0e05 : 2 : ittapi_config_apply_per_lib :  ITTAPI function not implemented: __itt_memory_write
1460420 : 0x1507548ada15c0 : 2 : ittapi_config_apply_per_lib :  ITTAPI function not implemented: __itt_memory_update
1460420 : 0x1507548ada1d74 : 2 : ittapi_config_apply_per_lib :  ITTAPI function not implemented: __itt_state_get
1460420 : 0x1507548ada24af : 2 : ittapi_config_apply_per_lib :  ITTAPI function not implemented: __itt_state_set
1460420 : 0x1507548ada2c81 : 2 : ittapi_config_apply_per_lib :  ITTAPI function not implemented: __itt_obj_mode_set
1460420 : 0x1507548ada33f6 : 2 : ittapi_config_apply_per_lib :  ITTAPI function not implemented: __itt_thr_mode_set
1460420 : 0x1507548ada3a6e : 2 : ittapi_config_apply_per_lib :  ITTAPI function instrumented: __itt_frame_create
1460420 : 0x1507548ada40e5 : 2 : ittapi_config_apply_per_lib :  ITTAPI function instrumented: __itt_pt_region_create
1460420 : 0x1507548ada4783 : 2 : ittapi_config_apply_per_lib :  ITTAPI function instrumented: __itt_frame_begin
1460420 : 0x1507548ada4e52 : 2 : ittapi_config_apply_per_lib :  ITTAPI function instrumented: __itt_frame_end
1460420 : 0x1507548ada63c8 : 2 : ittapi_config_apply_per_lib :  ITTAPI function not implemented: __itt_counter_destroy
1460420 : 0x1507548ada6ae6 : 2 : ittapi_config_apply_per_lib :  ITTAPI function instrumented: __itt_counter_inc
1460420 : 0x1507548ada71a6 : 2 : ittapi_config_apply_per_lib :  ITTAPI function instrumented: __itt_counter_inc_delta
1460420 : 0x1507548ada7810 : 2 : ittapi_config_apply_per_lib :  ITTAPI function instrumented: __itt_counter_dec
1460420 : 0x1507548ada7ed6 : 2 : ittapi_config_apply_per_lib :  ITTAPI function instrumented: __itt_counter_dec_delta
1460420 : 0x1507548ada8589 : 2 : ittapi_config_apply_per_lib :  ITTAPI function instrumented: __itt_counter_set_value
1460420 : 0x1507548ada8ccd : 2 : ittapi_config_apply_per_lib :  ITTAPI function not implemented: __itt_counter_set_value_ex
1460420 : 0x1507548ada93c9 : 2 : ittapi_config_apply_per_lib :  ITTAPI function not implemented: __itt_mark_create
1460420 : 0x1507548ada9b23 : 2 : ittapi_config_apply_per_lib :  ITTAPI function not implemented: __itt_mark
1460420 : 0x1507548adaa2c4 : 2 : ittapi_config_apply_per_lib :  ITTAPI function not implemented: __itt_mark_off
1460420 : 0x1507548adab764 : 2 : ittapi_config_apply_per_lib :  ITTAPI function not implemented: __itt_mark_global
1460420 : 0x1507548adabf00 : 2 : ittapi_config_apply_per_lib :  ITTAPI function not implemented: __itt_mark_global_off
1460420 : 0x1507548adac64c : 2 : ittapi_config_apply_per_lib :  ITTAPI function instrumented: __itt_stack_caller_create
1460420 : 0x1507548adacd37 : 2 : ittapi_config_apply_per_lib :  ITTAPI function instrumented: __itt_stack_caller_destroy
1460420 : 0x1507548adad433 : 2 : ittapi_config_apply_per_lib :  ITTAPI function instrumented: __itt_stack_callee_enter
1460420 : 0x1507548adadaa8 : 2 : ittapi_config_apply_per_lib :  ITTAPI function instrumented: __itt_stack_callee_leave
1460420 : 0x1507548adae1d6 : 2 : ittapi_config_apply_per_lib :  ITTAPI function not implemented: __itt_clock_domain_create
1460420 : 0x1507548adae914 : 2 : ittapi_config_apply_per_lib :  ITTAPI function not implemented: __itt_clock_domain_reset
1460420 : 0x1507548adaf053 : 2 : ittapi_config_apply_per_lib :  ITTAPI function not implemented: __itt_id_create_ex
1460420 : 0x1507548adaf7d6 : 2 : ittapi_config_apply_per_lib :  ITTAPI function not implemented: __itt_id_destroy_ex
1460420 : 0x1507548adb142f : 2 : ittapi_config_apply_per_lib :  ITTAPI function not implemented: __itt_task_begin_ex
1460420 : 0x1507548adb1bc9 : 2 : ittapi_config_apply_per_lib :  ITTAPI function not implemented: __itt_task_begin_fn_ex
1460420 : 0x1507548adb22ff : 2 : ittapi_config_apply_per_lib :  ITTAPI function not implemented: __itt_task_end_ex
1460420 : 0x1507548adb2a08 : 2 : ittapi_config_apply_per_lib :  ITTAPI function instrumented: __itt_task_begin_overlapped
1460420 : 0x1507548adb3140 : 2 : ittapi_config_apply_per_lib :  ITTAPI function not implemented: __itt_task_begin_overlapped_ex
1460420 : 0x1507548adb37db : 2 : ittapi_config_apply_per_lib :  ITTAPI function instrumented: __itt_task_end_overlapped
1460420 : 0x1507548adb3f3a : 2 : ittapi_config_apply_per_lib :  ITTAPI function not implemented: __itt_task_end_overlapped_ex
1460420 : 0x1507548adb466f : 2 : ittapi_config_apply_per_lib :  ITTAPI function not implemented: __itt_marker_ex
1460420 : 0x1507548adb4e86 : 2 : ittapi_config_apply_per_lib :  ITTAPI function not implemented: __itt_metadata_add_with_scope
1460420 : 0x1507548adb5646 : 2 : ittapi_config_apply_per_lib :  ITTAPI function not implemented: __itt_metadata_str_add_with_scope
1460420 : 0x1507548adb6a9c : 2 : ittapi_config_apply_per_lib :  ITTAPI function not implemented: __itt_relation_add_to_current_ex
1460420 : 0x1507548adb724c : 2 : ittapi_config_apply_per_lib :  ITTAPI function not implemented: __itt_relation_add_ex
1460420 : 0x1507548adb79bc : 2 : ittapi_config_apply_per_lib :  ITTAPI function not implemented: __itt_track_group_create
1460420 : 0x1507548adb806f : 2 : ittapi_config_apply_per_lib :  ITTAPI function not implemented: __itt_track_create
1460420 : 0x1507548adb8789 : 2 : ittapi_config_apply_per_lib :  ITTAPI function not implemented: __itt_set_track
1460420 : 0x1507548adb8e91 : 2 : ittapi_config_apply_per_lib :  ITTAPI function instrumented: __itt_api_version
1460420 : 0x1507548adb95ec : 2 : ittapi_config_apply_per_lib :  ITTAPI function not implemented: __itt_av_save
1460420 : 0x1507548adb9ca5 : 2 : ittapi_config_apply_per_lib :  ITTAPI function instrumented: __itt_module_load
1460420 : 0x1507548adba42d : 2 : ittapi_config_apply_per_lib :  ITTAPI function not implemented: __itt_module_unload
1460420 : 0x1507548ae0632c : 2 : ittapi_config_mask_get :  --itt-config mask to be applied: 55
1460420 : 0x1507548ae08d09 : 2 : ittapi_config_apply_per_lib :  ITTAPI function instrumented: __itt_domain_create
1460420 : 0x1507548ae095ef : 2 : ittapi_config_apply_per_lib :  ITTAPI function instrumented: __itt_module_load_with_sections
1460420 : 0x1507548ae09f4f : 2 : ittapi_config_apply_per_lib :  ITTAPI function not implemented: __itt_module_unload_with_sections
1460420 : 0x1507548ae0a65a : 2 : ittapi_config_apply_per_lib :  ITTAPI function instrumented: __itt_string_handle_create
1460420 : 0x1507548ae0ad10 : 2 : ittapi_config_apply_per_lib :  ITTAPI function instrumented: __itt_counter_create
1460420 : 0x1507548ae0b336 : 2 : ittapi_config_apply_per_lib :  ITTAPI function instrumented: __itt_counter_create_typed
1460420 : 0x1507548ae0ba6d : 2 : ittapi_config_apply_per_lib :  ITTAPI function instrumented: __itt_pause
1460420 : 0x1507548ae0c118 : 2 : ittapi_config_apply_per_lib :  ITTAPI function instrumented: __itt_resume
1460420 : 0x1507548ae0c722 : 2 : ittapi_config_apply_per_lib :  ITTAPI function instrumented: __itt_thread_set_name
1460420 : 0x1507548ae0ce5e : 2 : ittapi_config_apply_per_lib :  ITTAPI function instrumented: __itt_thread_ignore
1460420 : 0x1507548ae0f1b5 : 2 : ittapi_config_apply_per_lib :  ITTAPI function instrumented: __itt_thr_name_set
1460420 : 0x1507548ae0f9d3 : 2 : ittapi_config_apply_per_lib :  ITTAPI function instrumented: __itt_thr_ignore
1460420 : 0x1507548ae101cd : 2 : ittapi_config_apply_per_lib :  ITTAPI function not implemented: __itt_enable_attach
1460420 : 0x1507548ae1089c : 2 : ittapi_config_apply_per_lib :  ITTAPI function instrumented: __itt_detach
1460420 : 0x1507548ae10c76 : 2 : ittapi_config_apply_per_lib :  ITTAPI function NOT instrumented (not matched by --itt-config option): __itt_sync_create

1460420 : 0x1507548ae11091 : 2 : ittapi_config_apply_per_lib :  ITTAPI function NOT instrumented (not matched by --itt-config option): __itt_sync_rename

1460420 : 0x1507548ae11417 : 2 : ittapi_config_apply_per_lib :  ITTAPI function NOT instrumented (not matched by --itt-config option): __itt_sync_destroy

1460420 : 0x1507548ae117a9 : 2 : ittapi_config_apply_per_lib :  ITTAPI function NOT instrumented (not matched by --itt-config option): __itt_sync_prepare

1460420 : 0x1507548ae11b05 : 2 : ittapi_config_apply_per_lib :  ITTAPI function NOT instrumented (not matched by --itt-config option): __itt_sync_cancel

1460420 : 0x1507548ae11e64 : 2 : ittapi_config_apply_per_lib :  ITTAPI function NOT instrumented (not matched by --itt-config option): __itt_sync_acquired

1460420 : 0x1507548ae12f65 : 2 : ittapi_config_apply_per_lib :  ITTAPI function NOT instrumented (not matched by --itt-config option): __itt_sync_releasing

1460420 : 0x1507548ae1381d : 2 : ittapi_config_apply_per_lib :  ITTAPI function not implemented: __itt_suppress_push
1460420 : 0x1507548ae14053 : 2 : ittapi_config_apply_per_lib :  ITTAPI function not implemented: __itt_suppress_pop
1460420 : 0x1507548ae14782 : 2 : ittapi_config_apply_per_lib :  ITTAPI function not implemented: __itt_suppress_mark_range
1460420 : 0x1507548ae14eeb : 2 : ittapi_config_apply_per_lib :  ITTAPI function not implemented: __itt_suppress_clear_range
1460420 : 0x1507548ae1526f : 2 : ittapi_config_apply_per_lib :  ITTAPI function NOT instrumented (not matched by --itt-config option): __itt_sync_prepare

1460420 : 0x1507548ae155e2 : 2 : ittapi_config_apply_per_lib :  ITTAPI function NOT instrumented (not matched by --itt-config option): __itt_sync_cancel

1460420 : 0x1507548ae15953 : 2 : ittapi_config_apply_per_lib :  ITTAPI function NOT instrumented (not matched by --itt-config option): __itt_sync_acquired

1460420 : 0x1507548ae15cbf : 2 : ittapi_config_apply_per_lib :  ITTAPI function NOT instrumented (not matched by --itt-config option): __itt_sync_releasing

1460420 : 0x1507548ae16096 : 2 : ittapi_config_apply_per_lib :  ITTAPI function NOT instrumented (not matched by --itt-config option): __itt_model_site_begin

1460420 : 0x1507548ae1711c : 2 : ittapi_config_apply_per_lib :  ITTAPI function NOT instrumented (not matched by --itt-config option): __itt_model_site_end

1460420 : 0x1507548ae17519 : 2 : ittapi_config_apply_per_lib :  ITTAPI function NOT instrumented (not matched by --itt-config option): __itt_model_task_begin

1460420 : 0x1507548ae178a7 : 2 : ittapi_config_apply_per_lib :  ITTAPI function NOT instrumented (not matched by --itt-config option): __itt_model_task_end

1460420 : 0x1507548ae17c1d : 2 : ittapi_config_apply_per_lib :  ITTAPI function NOT instrumented (not matched by --itt-config option): __itt_model_lock_acquire

1460420 : 0x1507548ae17fe7 : 2 : ittapi_config_apply_per_lib :  ITTAPI function NOT instrumented (not matched by --itt-config option): __itt_model_lock_release

1460420 : 0x1507548ae1835b : 2 : ittapi_config_apply_per_lib :  ITTAPI function NOT instrumented (not matched by --itt-config option): __itt_model_record_allocation

1460420 : 0x1507548ae186a6 : 2 : ittapi_config_apply_per_lib :  ITTAPI function NOT instrumented (not matched by --itt-config option): __itt_model_record_deallocation

1460420 : 0x1507548ae18a2c : 2 : ittapi_config_apply_per_lib :  ITTAPI function NOT instrumented (not matched by --itt-config option): __itt_model_induction_uses

1460420 : 0x1507548ae18da9 : 2 : ittapi_config_apply_per_lib :  ITTAPI function NOT instrumented (not matched by --itt-config option): __itt_model_reduction_uses

1460420 : 0x1507548ae19130 : 2 : ittapi_config_apply_per_lib :  ITTAPI function NOT instrumented (not matched by --itt-config option): __itt_model_observe_uses

1460420 : 0x1507548ae1a871 : 2 : ittapi_config_apply_per_lib :  ITTAPI function NOT instrumented (not matched by --itt-config option): __itt_model_clear_uses

1460420 : 0x1507548ae1ac53 : 2 : ittapi_config_apply_per_lib :  ITTAPI function NOT instrumented (not matched by --itt-config option): __itt_model_site_beginA

1460420 : 0x1507548ae1afcf : 2 : ittapi_config_apply_per_lib :  ITTAPI function NOT instrumented (not matched by --itt-config option): __itt_model_site_beginAL

1460420 : 0x1507548ae1b344 : 2 : ittapi_config_apply_per_lib :  ITTAPI function NOT instrumented (not matched by --itt-config option): __itt_model_task_beginA

1460420 : 0x1507548ae1b6a8 : 2 : ittapi_config_apply_per_lib :  ITTAPI function NOT instrumented (not matched by --itt-config option): __itt_model_task_beginAL

1460420 : 0x1507548ae1ba4d : 2 : ittapi_config_apply_per_lib :  ITTAPI function NOT instrumented (not matched by --itt-config option): __itt_model_iteration_taskA

1460420 : 0x1507548ae1bd99 : 2 : ittapi_config_apply_per_lib :  ITTAPI function NOT instrumented (not matched by --itt-config option): __itt_model_iteration_taskAL

1460420 : 0x1507548ae1c0c8 : 2 : ittapi_config_apply_per_lib :  ITTAPI function NOT instrumented (not matched by --itt-config option): __itt_model_site_end_2

1460420 : 0x1507548ae1c434 : 2 : ittapi_config_apply_per_lib :  ITTAPI function NOT instrumented (not matched by --itt-config option): __itt_model_task_end_2

1460420 : 0x1507548ae1c76e : 2 : ittapi_config_apply_per_lib :  ITTAPI function NOT instrumented (not matched by --itt-config option): __itt_model_lock_acquire_2

1460420 : 0x1507548ae1d6e8 : 2 : ittapi_config_apply_per_lib :  ITTAPI function NOT instrumented (not matched by --itt-config option): __itt_model_lock_release_2

1460420 : 0x1507548ae1dacf : 2 : ittapi_config_apply_per_lib :  ITTAPI function NOT instrumented (not matched by --itt-config option): __itt_model_aggregate_task

1460420 : 0x1507548ae1de32 : 2 : ittapi_config_apply_per_lib :  ITTAPI function NOT instrumented (not matched by --itt-config option): __itt_model_disable_push

1460420 : 0x1507548ae1e1a9 : 2 : ittapi_config_apply_per_lib :  ITTAPI function NOT instrumented (not matched by --itt-config option): __itt_model_disable_pop

1460420 : 0x1507548ae1e8b9 : 2 : ittapi_config_apply_per_lib :  ITTAPI function instrumented: __itt_heap_function_create
1460420 : 0x1507548ae1efe4 : 2 : ittapi_config_apply_per_lib :  ITTAPI function instrumented: __itt_heap_allocate_begin
1460420 : 0x1507548ae1f645 : 2 : ittapi_config_apply_per_lib :  ITTAPI function instrumented: __itt_heap_allocate_end
1460420 : 0x1507548ae1fceb : 2 : ittapi_config_apply_per_lib :  ITTAPI function instrumented: __itt_heap_free_begin
1460420 : 0x1507548ae20327 : 2 : ittapi_config_apply_per_lib :  ITTAPI function instrumented: __itt_heap_free_end
1460420 : 0x1507548ae209ab : 2 : ittapi_config_apply_per_lib :  ITTAPI function instrumented: __itt_heap_reallocate_begin
1460420 : 0x1507548ae21cf5 : 2 : ittapi_config_apply_per_lib :  ITTAPI function instrumented: __itt_heap_reallocate_end
1460420 : 0x1507548ae224d1 : 2 : ittapi_config_apply_per_lib :  ITTAPI function not implemented: __itt_heap_internal_access_begin
1460420 : 0x1507548ae22c4d : 2 : ittapi_config_apply_per_lib :  ITTAPI function not implemented: __itt_heap_internal_access_end
1460420 : 0x1507548ae233ca : 2 : ittapi_config_apply_per_lib :  ITTAPI function not implemented: __itt_heap_record_memory_growth_begin
1460420 : 0x1507548ae23b76 : 2 : ittapi_config_apply_per_lib :  ITTAPI function not implemented: __itt_heap_record_memory_growth_end
1460420 : 0x1507548ae2431e : 2 : ittapi_config_apply_per_lib :  ITTAPI function not implemented: __itt_heap_reset_detection
1460420 : 0x1507548ae24aab : 2 : ittapi_config_apply_per_lib :  ITTAPI function not implemented: __itt_heap_record
1460420 : 0x1507548ae251ea : 2 : ittapi_config_apply_per_lib :  ITTAPI function not implemented: __itt_id_create
1460420 : 0x1507548ae25991 : 2 : ittapi_config_apply_per_lib :  ITTAPI function not implemented: __itt_id_destroy
1460420 : 0x1507548ae26049 : 2 : ittapi_config_apply_per_lib :  ITTAPI function instrumented: __itt_get_timestamp
1460420 : 0x1507548ae27b82 : 2 : ittapi_config_apply_per_lib :  ITTAPI function not implemented: __itt_region_begin
1460420 : 0x1507548ae2836d : 2 : ittapi_config_apply_per_lib :  ITTAPI function not implemented: __itt_region_end
1460420 : 0x1507548ae28a54 : 2 : ittapi_config_apply_per_lib :  ITTAPI function instrumented: __itt_frame_begin_v3
1460420 : 0x1507548ae2914d : 2 : ittapi_config_apply_per_lib :  ITTAPI function instrumented: __itt_frame_end_v3
1460420 : 0x1507548ae297f1 : 2 : ittapi_config_apply_per_lib :  ITTAPI function instrumented: __itt_frame_submit_v3
1460420 : 0x1507548ae29f72 : 2 : ittapi_config_apply_per_lib :  ITTAPI function not implemented: __itt_task_group
1460420 : 0x1507548ae2a6d2 : 2 : ittapi_config_apply_per_lib :  ITTAPI function instrumented: __itt_task_begin
1460420 : 0x1507548ae2ad53 : 2 : ittapi_config_apply_per_lib :  ITTAPI function instrumented: __itt_task_begin_fn
1460420 : 0x1507548ae2b3ea : 2 : ittapi_config_apply_per_lib :  ITTAPI function instrumented: __itt_task_end
1460420 : 0x1507548ae2bb43 : 2 : ittapi_config_apply_per_lib :  ITTAPI function not implemented: __itt_counter_inc_v3
1460420 : 0x1507548ae2d05e : 2 : ittapi_config_apply_per_lib :  ITTAPI function not implemented: __itt_counter_inc_delta_v3
1460420 : 0x1507548ae2d803 : 2 : ittapi_config_apply_per_lib :  ITTAPI function not implemented: __itt_counter_dec_v3
1460420 : 0x1507548ae2df48 : 2 : ittapi_config_apply_per_lib :  ITTAPI function not implemented: __itt_counter_dec_delta_v3
1460420 : 0x1507548ae2e6b7 : 2 : ittapi_config_apply_per_lib :  ITTAPI function not implemented: __itt_marker
1460420 : 0x1507548ae2edaf : 2 : ittapi_config_apply_per_lib :  ITTAPI function instrumented: __itt_metadata_add
1460420 : 0x1507548ae2f52e : 2 : ittapi_config_apply_per_lib :  ITTAPI function not implemented: __itt_metadata_str_add
1460420 : 0x1507548ae2fc03 : 2 : ittapi_config_apply_per_lib :  ITTAPI function not implemented: __itt_relation_add_to_current
1460420 : 0x1507548ae30336 : 2 : ittapi_config_apply_per_lib :  ITTAPI function not implemented: __itt_relation_add
1460420 : 0x1507548ae309b5 : 2 : ittapi_config_apply_per_lib :  ITTAPI function instrumented: __itt_event_create
1460420 : 0x1507548ae31056 : 2 : ittapi_config_apply_per_lib :  ITTAPI function instrumented: __itt_event_start
1460420 : 0x1507548ae32443 : 2 : ittapi_config_apply_per_lib :  ITTAPI function instrumented: __itt_event_end
1460420 : 0x1507548ae32818 : 2 : ittapi_config_apply_per_lib :  ITTAPI function NOT instrumented (not matched by --itt-config option): __itt_sync_set_name

1460420 : 0x1507548ae32bd2 : 2 : ittapi_config_apply_per_lib :  ITTAPI function NOT instrumented (not matched by --itt-config option): __itt_notify_sync_name

1460420 : 0x1507548ae32f90 : 2 : ittapi_config_apply_per_lib :  ITTAPI function NOT instrumented (not matched by --itt-config option): __itt_notify_sync_prepare

1460420 : 0x1507548ae33311 : 2 : ittapi_config_apply_per_lib :  ITTAPI function NOT instrumented (not matched by --itt-config option): __itt_notify_sync_cancel

1460420 : 0x1507548ae33693 : 2 : ittapi_config_apply_per_lib :  ITTAPI function NOT instrumented (not matched by --itt-config option): __itt_notify_sync_acquired

1460420 : 0x1507548ae33a02 : 2 : ittapi_config_apply_per_lib :  ITTAPI function NOT instrumented (not matched by --itt-config option): __itt_notify_sync_releasing

1460420 : 0x1507548ae340fe : 2 : ittapi_config_apply_per_lib :  ITTAPI function not implemented: __itt_memory_read
1460420 : 0x1507548ae3484b : 2 : ittapi_config_apply_per_lib :  ITTAPI function not implemented: __itt_memory_write
1460420 : 0x1507548ae34f5f : 2 : ittapi_config_apply_per_lib :  ITTAPI function not implemented: __itt_memory_update
1460420 : 0x1507548ae36d0c : 2 : ittapi_config_apply_per_lib :  ITTAPI function not implemented: __itt_state_get
1460420 : 0x1507548ae3748f : 2 : ittapi_config_apply_per_lib :  ITTAPI function not implemented: __itt_state_set
1460420 : 0x1507548ae37bfb : 2 : ittapi_config_apply_per_lib :  ITTAPI function not implemented: __itt_obj_mode_set
1460420 : 0x1507548ae38343 : 2 : ittapi_config_apply_per_lib :  ITTAPI function not implemented: __itt_thr_mode_set
1460420 : 0x1507548ae389ce : 2 : ittapi_config_apply_per_lib :  ITTAPI function instrumented: __itt_frame_create
1460420 : 0x1507548ae39016 : 2 : ittapi_config_apply_per_lib :  ITTAPI function instrumented: __itt_pt_region_create
1460420 : 0x1507548ae39691 : 2 : ittapi_config_apply_per_lib :  ITTAPI function instrumented: __itt_frame_begin
1460420 : 0x1507548ae39d2d : 2 : ittapi_config_apply_per_lib :  ITTAPI function instrumented: __itt_frame_end
1460420 : 0x1507548ae3a4b3 : 2 : ittapi_config_apply_per_lib :  ITTAPI function not implemented: __itt_counter_destroy
1460420 : 0x1507548ae3ab92 : 2 : ittapi_config_apply_per_lib :  ITTAPI function instrumented: __itt_counter_inc
1460420 : 0x1507548ae3bf5b : 2 : ittapi_config_apply_per_lib :  ITTAPI function instrumented: __itt_counter_inc_delta
1460420 : 0x1507548ae3c601 : 2 : ittapi_config_apply_per_lib :  ITTAPI function instrumented: __itt_counter_dec
1460420 : 0x1507548ae3cca9 : 2 : ittapi_config_apply_per_lib :  ITTAPI function instrumented: __itt_counter_dec_delta
1460420 : 0x1507548ae3d30f : 2 : ittapi_config_apply_per_lib :  ITTAPI function instrumented: __itt_counter_set_value
1460420 : 0x1507548ae3da43 : 2 : ittapi_config_apply_per_lib :  ITTAPI function not implemented: __itt_counter_set_value_ex
1460420 : 0x1507548ae3e120 : 2 : ittapi_config_apply_per_lib :  ITTAPI function not implemented: __itt_mark_create
1460420 : 0x1507548ae3e87a : 2 : ittapi_config_apply_per_lib :  ITTAPI function not implemented: __itt_mark
1460420 : 0x1507548ae3efc4 : 2 : ittapi_config_apply_per_lib :  ITTAPI function not implemented: __itt_mark_off
1460420 : 0x1507548ae3f6db : 2 : ittapi_config_apply_per_lib :  ITTAPI function not implemented: __itt_mark_global
1460420 : 0x1507548ae3fe08 : 2 : ittapi_config_apply_per_lib :  ITTAPI function not implemented: __itt_mark_global_off
1460420 : 0x1507548ae412ae : 2 : ittapi_config_apply_per_lib :  ITTAPI function instrumented: __itt_stack_caller_create
1460420 : 0x1507548ae419f4 : 2 : ittapi_config_apply_per_lib :  ITTAPI function instrumented: __itt_stack_caller_destroy
1460420 : 0x1507548ae420a4 : 2 : ittapi_config_apply_per_lib :  ITTAPI function instrumented: __itt_stack_callee_enter
1460420 : 0x1507548ae426ba : 2 : ittapi_config_apply_per_lib :  ITTAPI function instrumented: __itt_stack_callee_leave
1460420 : 0x1507548ae42dc6 : 2 : ittapi_config_apply_per_lib :  ITTAPI function not implemented: __itt_clock_domain_create
1460420 : 0x1507548ae4353a : 2 : ittapi_config_apply_per_lib :  ITTAPI function not implemented: __itt_clock_domain_reset
1460420 : 0x1507548ae43c63 : 2 : ittapi_config_apply_per_lib :  ITTAPI function not implemented: __itt_id_create_ex
1460420 : 0x1507548ae443a2 : 2 : ittapi_config_apply_per_lib :  ITTAPI function not implemented: __itt_id_destroy_ex
1460420 : 0x1507548ae44af0 : 2 : ittapi_config_apply_per_lib :  ITTAPI function not implemented: __itt_task_begin_ex
1460420 : 0x1507548ae451f8 : 2 : ittapi_config_apply_per_lib :  ITTAPI function not implemented: __itt_task_begin_fn_ex
1460420 : 0x1507548ae466fb : 2 : ittapi_config_apply_per_lib :  ITTAPI function not implemented: __itt_task_end_ex
1460420 : 0x1507548ae46df5 : 2 : ittapi_config_apply_per_lib :  ITTAPI function instrumented: __itt_task_begin_overlapped
1460420 : 0x1507548ae4750f : 2 : ittapi_config_apply_per_lib :  ITTAPI function not implemented: __itt_task_begin_overlapped_ex
1460420 : 0x1507548ae47b91 : 2 : ittapi_config_apply_per_lib :  ITTAPI function instrumented: __itt_task_end_overlapped
1460420 : 0x1507548ae482be : 2 : ittapi_config_apply_per_lib :  ITTAPI function not implemented: __itt_task_end_overlapped_ex
1460420 : 0x1507548ae4899f : 2 : ittapi_config_apply_per_lib :  ITTAPI function not implemented: __itt_marker_ex
1460420 : 0x1507548ae490d7 : 2 : ittapi_config_apply_per_lib :  ITTAPI function not implemented: __itt_metadata_add_with_scope
1460420 : 0x1507548ae4983c : 2 : ittapi_config_apply_per_lib :  ITTAPI function not implemented: __itt_metadata_str_add_with_scope
1460420 : 0x1507548ae49f63 : 2 : ittapi_config_apply_per_lib :  ITTAPI function not implemented: __itt_relation_add_to_current_ex
1460420 : 0x1507548ae4a661 : 2 : ittapi_config_apply_per_lib :  ITTAPI function not implemented: __itt_relation_add_ex
1460420 : 0x1507548ae4c0ea : 2 : ittapi_config_apply_per_lib :  ITTAPI function not implemented: __itt_track_group_create
1460420 : 0x1507548ae4c829 : 2 : ittapi_config_apply_per_lib :  ITTAPI function not implemented: __itt_track_create
1460420 : 0x1507548ae4cf65 : 2 : ittapi_config_apply_per_lib :  ITTAPI function not implemented: __itt_set_track
1460420 : 0x1507548ae4d5f0 : 2 : ittapi_config_apply_per_lib :  ITTAPI function instrumented: __itt_api_version
1460420 : 0x1507548ae4dd52 : 2 : ittapi_config_apply_per_lib :  ITTAPI function not implemented: __itt_av_save
1460420 : 0x1507548ae4e421 : 2 : ittapi_config_apply_per_lib :  ITTAPI function instrumented: __itt_module_load
1460420 : 0x1507548ae4eb69 : 2 : ittapi_config_apply_per_lib :  ITTAPI function not implemented: __itt_module_unload