
1464307 : 0x15086ac8e938c8 : 1 : spill_jit_data :  Jit agent is not initialized
1464291 : 0x15086ac8e962bb : 2 : ittapi_config_mask_get :  --itt-config mask to be applied: 55
1464291 : 0x15086ac8e98007 : 2 : ittapi_config_apply_per_lib :  ITTAPI function instrumented: __itt_domain_create
1464291 : 0x15086ac8e989c1 : 2 : ittapi_config_apply_per_lib :  ITTAPI function instrumented: __itt_module_load_with_sections
1464291 : 0x15086ac8e99676 : 2 : ittapi_config_apply_per_lib :  ITTAPI function not implemented: __itt_module_unload_with_sections
1464291 : 0x15086ac8e99f67 : 2 : ittapi_config_apply_per_lib :  ITTAPI function instrumented: __itt_string_handle_create
1464291 : 0x15086ac8e9a666 : 2 : ittapi_config_apply_per_lib :  ITTAPI function instrumented: __itt_counter_create
1464291 : 0x15086ac8e9acb0 : 2 : ittapi_config_apply_per_lib :  ITTAPI function instrumented: __itt_counter_create_typed
1464291 : 0x15086ac8e9b51b : 2 : ittapi_config_apply_per_lib :  ITTAPI function instrumented: __itt_pause
1464291 : 0x15086ac8e9bbe8 : 2 : ittapi_config_apply_per_lib :  ITTAPI function instrumented: __itt_resume
1464291 : 0x15086ac8ea1ef8 : 2 : ittapi_config_apply_per_lib :  ITTAPI function instrumented: __itt_thread_set_name
1464291 : 0x15086ac8ea26ed : 2 : ittapi_config_apply_per_lib :  ITTAPI function instrumented: __itt_thread_ignore
1464291 : 0x15086ac8ea2ddd : 2 : ittapi_config_apply_per_lib :  ITTAPI function instrumented: __itt_thr_name_set
1464291 : 0x15086ac8ea34c7 : 2 : ittapi_config_apply_per_lib :  ITTAPI function instrumented: __itt_thr_ignore
1464291 : 0x15086ac8ea3ea9 : 2 : ittapi_config_apply_per_lib :  ITTAPI function not implemented: __itt_enable_attach
1464291 : 0x15086ac8ea45ba : 2 : ittapi_config_apply_per_lib :  ITTAPI function instrumented: __itt_detach
1464291 : 0x15086ac8ea4996 : 2 : ittapi_config_apply_per_lib :  ITTAPI function NOT instrumented (not matched by --itt-config option): __itt_sync_create

1464291 : 0x15086ac8ea4dde : 2 : ittapi_config_apply_per_lib :  ITTAPI function NOT instrumented (not matched by --itt-config option): __itt_sync_rename

1464291 : 0x15086ac8ea51bf : 2 : ittapi_config_apply_per_lib :  ITTAPI function NOT instrumented (not matched by --itt-config option): __itt_sync_destroy

1464291 : 0x15086ac8ea55bf : 2 : ittapi_config_apply_per_lib :  ITTAPI function NOT instrumented (not matched by --itt-config option): __itt_sync_prepare

1464291 : 0x15086ac8ea6a34 : 2 : ittapi_config_apply_per_lib :  ITTAPI function NOT instrumented (not matched by --itt-config option): __itt_sync_cancel

1464291 : 0x15086ac8ea6e50 : 2 : ittapi_config_apply_per_lib :  ITTAPI function NOT instrumented (not matched by --itt-config option): __itt_sync_acquired

1464291 : 0x15086ac8ea71f3 : 2 : ittapi_config_apply_per_lib :  ITTAPI function NOT instrumented (not matched by --itt-config option): __itt_sync_releasing

1464291 : 0x15086ac8ea7acf : 2 : ittapi_config_apply_per_lib :  ITTAPI function not implemented: __itt_suppress_push
1464291 : 0x15086ac8ea84c2 : 2 : ittapi_config_apply_per_lib :  ITTAPI function not implemented: __itt_suppress_pop
1464291 : 0x15086ac8ea8c1d : 2 : ittapi_config_apply_per_lib :  ITTAPI function not implemented: __itt_suppress_mark_range
1464291 : 0x15086ac8ea9392 : 2 : ittapi_config_apply_per_lib :  ITTAPI function not implemented: __itt_suppress_clear_range
1464291 : 0x15086ac8ea9738 : 2 : ittapi_config_apply_per_lib :  ITTAPI function NOT instrumented (not matched by --itt-config option): __itt_sync_prepare

1464291 : 0x15086ac8ea9b0a : 2 : ittapi_config_apply_per_lib :  ITTAPI function NOT instrumented (not matched by --itt-config option): __itt_sync_cancel

1464291 : 0x15086ac8ea9e8d : 2 : ittapi_config_apply_per_lib :  ITTAPI function NOT instrumented (not matched by --itt-config option): __itt_sync_acquired

1464291 : 0x15086ac8eaaedd : 2 : ittapi_config_apply_per_lib :  ITTAPI function NOT instrumented (not matched by --itt-config option): __itt_sync_releasing

1464291 : 0x15086ac8eab2f6 : 2 : ittapi_config_apply_per_lib :  ITTAPI function NOT instrumented (not matched by --itt-config option): __itt_model_site_begin

1464291 : 0x15086ac8eab6a7 : 2 : ittapi_config_apply_per_lib :  ITTAPI function NOT instrumented (not matched by --itt-config option): __itt_model_site_end

1464291 : 0x15086ac8eaba3c : 2 : ittapi_config_apply_per_lib :  ITTAPI function NOT instrumented (not matched by --itt-config option): __itt_model_task_begin

1464291 : 0x15086ac8eabdd3 : 2 : ittapi_config_apply_per_lib :  ITTAPI function NOT instrumented (not matched by --itt-config option): __itt_model_task_end

1464291 : 0x15086ac8eac167 : 2 : ittapi_config_apply_per_lib :  ITTAPI function NOT instrumented (not matched by --itt-config option): __itt_model_lock_acquire

1464291 : 0x15086ac8eac57e : 2 : ittapi_config_apply_per_lib :  ITTAPI function NOT instrumented (not matched by --itt-config option): __itt_model_lock_release

1464291 : 0x15086ac8eac902 : 2 : ittapi_config_apply_per_lib :  ITTAPI function NOT instrumented (not matched by --itt-config option): __itt_model_record_allocation

1464291 : 0x15086ac8eacc4f : 2 : ittapi_config_apply_per_lib :  ITTAPI function NOT instrumented (not matched by --itt-config option): __itt_model_record_deallocation

1464291 : 0x15086ac8eacfd6 : 2 : ittapi_config_apply_per_lib :  ITTAPI function NOT instrumented (not matched by --itt-config option): __itt_model_induction_uses

1464291 : 0x15086ac8eaed36 : 2 : ittapi_config_apply_per_lib :  ITTAPI function NOT instrumented (not matched by --itt-config option): __itt_model_reduction_uses

1464291 : 0x15086ac8eaf142 : 2 : ittapi_config_apply_per_lib :  ITTAPI function NOT instrumented (not matched by --itt-config option): __itt_model_observe_uses

1464291 : 0x15086ac8eaf4d9 : 2 : ittapi_config_apply_per_lib :  ITTAPI function NOT instrumented (not matched by --itt-config option): __itt_model_clear_uses

1464291 : 0x15086ac8eaf883 : 2 : ittapi_config_apply_per_lib :  ITTAPI function NOT instrumented (not matched by --itt-config option): __itt_model_site_beginA

1464291 : 0x15086ac8eafc29 : 2 : ittapi_config_apply_per_lib :  ITTAPI function NOT instrumented (not matched by --itt-config option): __itt_model_site_beginAL

1464291 : 0x15086ac8eaffa8 : 2 : ittapi_config_apply_per_lib :  ITTAPI function NOT instrumented (not matched by --itt-config option): __itt_model_task_beginA

1464291 : 0x15086ac8eb031f : 2 : ittapi_config_apply_per_lib :  ITTAPI function NOT instrumented (not matched by --itt-config option): __itt_model_task_beginAL

1464291 : 0x15086ac8eb0689 : 2 : ittapi_config_apply_per_lib :  ITTAPI function NOT instrumented (not matched by --itt-config option): __itt_model_iteration_taskA

1464291 : 0x15086ac8eb09ed : 2 : ittapi_config_apply_per_lib :  ITTAPI function NOT instrumented (not matched by --itt-config option): __itt_model_iteration_taskAL

1464291 : 0x15086ac8eb0d2c : 2 : ittapi_config_apply_per_lib :  ITTAPI function NOT instrumented (not matched by --itt-config option): __itt_model_site_end_2

1464291 : 0x15086ac8eb1cea : 2 : ittapi_config_apply_per_lib :  ITTAPI function NOT instrumented (not matched by --itt-config option): __itt_model_task_end_2

1464291 : 0x15086ac8eb2061 : 2 : ittapi_config_apply_per_lib :  ITTAPI function NOT instrumented (not matched by --itt-config option): __itt_model_lock_acquire_2

1464291 : 0x15086ac8eb2411 : 2 : ittapi_config_apply_per_lib :  ITTAPI function NOT instrumented (not matched by --itt-config option): __itt_model_lock_release_2

1464291 : 0x15086ac8eb2790 : 2 : ittapi_config_apply_per_lib :  ITTAPI function NOT instrumented (not matched by --itt-config option): __itt_model_aggregate_task

1464291 : 0x15086ac8eb2b0d : 2 : ittapi_config_apply_per_lib :  ITTAPI function NOT instrumented (not matched by --itt-config option): __itt_model_disable_push

1464291 : 0x15086ac8eb2e66 : 2 : ittapi_config_apply_per_lib :  ITTAPI function NOT instrumented (not matched by --itt-config option): __itt_model_disable_pop

1464291 : 0x15086ac8eb3584 : 2 : ittapi_config_apply_per_lib :  ITTAPI function instrumented: __itt_heap_function_create
1464291 : 0x15086ac8eb3ca5 : 2 : ittapi_config_apply_per_lib :  ITTAPI function instrumented: __itt_heap_allocate_begin
1464291 : 0x15086ac8eb4348 : 2 : ittapi_config_apply_per_lib :  ITTAPI function instrumented: __itt_heap_allocate_end
1464291 : 0x15086ac8eb4a4d : 2 : ittapi_config_apply_per_lib :  ITTAPI function instrumented: __itt_heap_free_begin
1464291 : 0x15086ac8eb660b : 2 : ittapi_config_apply_per_lib :  ITTAPI function instrumented: __itt_heap_free_end
1464291 : 0x15086ac8eb6d15 : 2 : ittapi_config_apply_per_lib :  ITTAPI function instrumented: __itt_heap_reallocate_begin
1464291 : 0x15086ac8eb7341 : 2 : ittapi_config_apply_per_lib :  ITTAPI function instrumented: __itt_heap_reallocate_end
1464291 : 0x15086ac8eb7a9b : 2 : ittapi_config_apply_per_lib :  ITTAPI function not implemented: __itt_heap_internal_access_begin
1464291 : 0x15086ac8eb81d3 : 2 : ittapi_config_apply_per_lib :  ITTAPI function not implemented: __itt_heap_internal_access_end
1464291 : 0x15086ac8eb893d : 2 : ittapi_config_apply_per_lib :  ITTAPI function not implemented: __itt_heap_record_memory_growth_begin
1464291 : 0x15086ac8eb9064 : 2 : ittapi_config_apply_per_lib :  ITTAPI function not implemented: __itt_heap_record_memory_growth_end
1464291 : 0x15086ac8eb984f : 2 : ittapi_config_apply_per_lib :  ITTAPI function not implemented: __itt_heap_reset_detection
1464291 : 0x15086ac8eba059 : 2 : ittapi_config_apply_per_lib :  ITTAPI function not implemented: __itt_heap_record
1464291 : 0x15086ac8eba769 : 2 : ittapi_config_apply_per_lib :  ITTAPI function not implemented: __itt_id_create
1464291 : 0x15086ac8ebbce8 : 2 : ittapi_config_apply_per_lib :  ITTAPI function not implemented: __itt_id_destroy
1464291 : 0x15086ac8ebc3ea : 2 : ittapi_config_apply_per_lib :  ITTAPI function instrumented: __itt_get_timestamp
1464291 : 0x15086ac8ebcab4 : 2 : ittapi_config_apply_per_lib :  ITTAPI function not implemented: __itt_region_begin
1464291 : 0x15086ac8ebd22b : 2 : ittapi_config_apply_per_lib :  ITTAPI function not implemented: __itt_region_end
1464291 : 0x15086ac8ebd932 : 2 : ittapi_config_apply_per_lib :  ITTAPI function instrumented: __itt_frame_begin_v3
1464291 : 0x15086ac8ebe0a1 : 2 : ittapi_config_apply_per_lib :  ITTAPI function instrumented: __itt_frame_end_v3
1464291 : 0x15086ac8ebe75e : 2 : ittapi_config_apply_per_lib :  ITTAPI function instrumented: __itt_frame_submit_v3
1464291 : 0x15086ac8ebeebd : 2 : ittapi_config_apply_per_lib :  ITTAPI function not implemented: __itt_task_group
1464291 : 0x15086ac8ebf642 : 2 : ittapi_config_apply_per_lib :  ITTAPI function instrumented: __itt_task_begin
1464291 : 0x15086ac8ebfd12 : 2 : ittapi_config_apply_per_lib :  ITTAPI function instrumented: __itt_task_begin_fn
1464291 : 0x15086ac8ec1073 : 2 : ittapi_config_apply_per_lib :  ITTAPI function instrumented: __itt_task_end
1464291 : 0x15086ac8ec181a : 2 : ittapi_config_apply_per_lib :  ITTAPI function not implemented: __itt_counter_inc_v3
1464291 : 0x15086ac8ec1f75 : 2 : ittapi_config_apply_per_lib :  ITTAPI function not implemented: __itt_counter_inc_delta_v3
1464291 : 0x15086ac8ec26c6 : 2 : ittapi_config_apply_per_lib :  ITTAPI function not implemented: __itt_counter_dec_v3
1464291 : 0x15086ac8ec2d99 : 2 : ittapi_config_apply_per_lib :  ITTAPI function not implemented: __itt_counter_dec_delta_v3
1464291 : 0x15086ac8ec3496 : 2 : ittapi_config_apply_per_lib :  ITTAPI function not implemented: __itt_marker
1464291 : 0x15086ac8ec3b4a : 2 : ittapi_config_apply_per_lib :  ITTAPI function instrumented: __itt_metadata_add
1464291 : 0x15086ac8ec42cf : 2 : ittapi_config_apply_per_lib :  ITTAPI function not implemented: __itt_metadata_str_add
1464291 : 0x15086ac8ec4979 : 2 : ittapi_config_apply_per_lib :  ITTAPI function not implemented: __itt_relation_add_to_current
1464291 : 0x15086ac8ec507f : 2 : ittapi_config_apply_per_lib :  ITTAPI function not implemented: __itt_relation_add
1464291 : 0x15086ac8ec6367 : 2 : ittapi_config_apply_per_lib :  ITTAPI function instrumented: __itt_event_create
1464291 : 0x15086ac8ec6af1 : 2 : ittapi_config_apply_per_lib :  ITTAPI function instrumented: __itt_event_start
1464291 : 0x15086ac8ec7198 : 2 : ittapi_config_apply_per_lib :  ITTAPI function instrumented: __itt_event_end
1464291 : 0x15086ac8ec7520 : 2 : ittapi_config_apply_per_lib :  ITTAPI function NOT instrumented (not matched by --itt-config option): __itt_sync_set_name

1464291 : 0x15086ac8ec78d8 : 2 : ittapi_config_apply_per_lib :  ITTAPI function NOT instrumented (not matched by --itt-config option): __itt_notify_sync_name

1464291 : 0x15086ac8ec7c88 : 2 : ittapi_config_apply_per_lib :  ITTAPI function NOT instrumented (not matched by --itt-config option): __itt_notify_sync_prepare

1464291 : 0x15086ac8ec8058 : 2 : ittapi_config_apply_per_lib :  ITTAPI function NOT instrumented (not matched by --itt-config option): __itt_notify_sync_cancel

1464291 : 0x15086ac8ec83cd : 2 : ittapi_config_apply_per_lib :  ITTAPI function NOT instrumented (not matched by --itt-config option): __itt_notify_sync_acquired

1464291 : 0x15086ac8ec872f : 2 : ittapi_config_apply_per_lib :  ITTAPI function NOT instrumented (not matched by --itt-config option): __itt_notify_sync_releasing

1464291 : 0x15086ac8ec8e81 : 2 : ittapi_config_apply_per_lib :  ITTAPI function not implemented: __itt_memory_read
1464291 : 0x15086ac8eca9f6 : 2 : ittapi_config_apply_per_lib :  ITTAPI function not implemented: __itt_memory_write
1464291 : 0x15086ac8ecb110 : 2 : ittapi_config_apply_per_lib :  ITTAPI function not implemented: __itt_memory_update
1464291 : 0x15086ac8ecb86d : 2 : ittapi_config_apply_per_lib :  ITTAPI function not implemented: __itt_state_get
1464291 : 0x15086ac8ecbf62 : 2 : ittapi_config_apply_per_lib :  ITTAPI function not implemented: __itt_state_set
1464291 : 0x15086ac8ecc6ad : 2 : ittapi_config_apply_per_lib :  ITTAPI function not implemented: __itt_obj_mode_set
1464291 : 0x15086ac8eccdda : 2 : ittapi_config_apply_per_lib :  ITTAPI function not implemented: __itt_thr_mode_set
1464291 : 0x15086ac8ecd42f : 2 : ittapi_config_apply_per_lib :  ITTAPI function instrumented: __itt_frame_create
1464291 : 0x15086ac8ecda85 : 2 : ittapi_config_apply_per_lib :  ITTAPI function instrumented: __itt_pt_region_create
1464291 : 0x15086ac8ece106 : 2 : ittapi_config_apply_per_lib :  ITTAPI function instrumented: __itt_frame_begin
1464291 : 0x15086ac8ece7c2 : 2 : ittapi_config_apply_per_lib :  ITTAPI function instrumented: __itt_frame_end
1464291 : 0x15086ac8ecfc7c : 2 : ittapi_config_apply_per_lib :  ITTAPI function not implemented: __itt_counter_destroy
1464291 : 0x15086ac8ed0389 : 2 : ittapi_config_apply_per_lib :  ITTAPI function instrumented: __itt_counter_inc
1464291 : 0x15086ac8ed0a1b : 2 : ittapi_config_apply_per_lib :  ITTAPI function instrumented: __itt_counter_inc_delta
1464291 : 0x15086ac8ed1076 : 2 : ittapi_config_apply_per_lib :  ITTAPI function instrumented: __itt_counter_dec
1464291 : 0x15086ac8ed1731 : 2 : ittapi_config_apply_per_lib :  ITTAPI function instrumented: __itt_counter_dec_delta
1464291 : 0x15086ac8ed1df8 : 2 : ittapi_config_apply_per_lib :  ITTAPI function instrumented: __itt_counter_set_value
1464291 : 0x15086ac8ed24df : 2 : ittapi_config_apply_per_lib :  ITTAPI function not implemented: __itt_counter_set_value_ex
1464291 : 0x15086ac8ed2b85 : 2 : ittapi_config_apply_per_lib :  ITTAPI function not implemented: __itt_mark_create
1464291 : 0x15086ac8ed32af : 2 : ittapi_config_apply_per_lib :  ITTAPI function not implemented: __itt_mark
1464291 : 0x15086ac8ed3a4d : 2 : ittapi_config_apply_per_lib :  ITTAPI function not implemented: __itt_mark_off
1464291 : 0x15086ac8ed4df4 : 2 : ittapi_config_apply_per_lib :  ITTAPI function not implemented: __itt_mark_global
1464291 : 0x15086ac8ed550c : 2 : ittapi_config_apply_per_lib :  ITTAPI function not implemented: __itt_mark_global_off
1464291 : 0x15086ac8ed5c26 : 2 : ittapi_config_apply_per_lib :  ITTAPI function instrumented: __itt_stack_caller_create
1464291 : 0x15086ac8ed62d8 : 2 : ittapi_config_apply_per_lib :  ITTAPI function instrumented: __itt_stack_caller_destroy
1464291 : 0x15086ac8ed6a24 : 2 : ittapi_config_apply_per_lib :  ITTAPI function instrumented: __itt_stack_callee_enter
1464291 : 0x15086ac8ed70a6 : 2 : ittapi_config_apply_per_lib :  ITTAPI function instrumented: __itt_stack_callee_leave
1464291 : 0x15086ac8ed77e8 : 2 : ittapi_config_apply_per_lib :  ITTAPI function not implemented: __itt_clock_domain_create
1464291 : 0x15086ac8ed7eed : 2 : ittapi_config_apply_per_lib :  ITTAPI function not implemented: __itt_clock_domain_reset
1464291 : 0x15086ac8ed85f5 : 2 : ittapi_config_apply_per_lib :  ITTAPI function not implemented: __itt_id_create_ex
1464291 : 0x15086ac8ed8d08 : 2 : ittapi_config_apply_per_lib :  ITTAPI function not implemented: __itt_id_destroy_ex
1464291 : 0x15086ac8eda7f4 : 2 : ittapi_config_apply_per_lib :  ITTAPI function not implemented: __itt_task_begin_ex
1464291 : 0x15086ac8edaf1b : 2 : ittapi_config_apply_per_lib :  ITTAPI function not implemented: __itt_task_begin_fn_ex
1464291 : 0x15086ac8edb630 : 2 : ittapi_config_apply_per_lib :  ITTAPI function not implemented: __itt_task_end_ex
1464291 : 0x15086ac8edbd07 : 2 : ittapi_config_apply_per_lib :  ITTAPI function instrumented: __itt_task_begin_overlapped
1464291 : 0x15086ac8edc3fe : 2 : ittapi_config_apply_per_lib :  ITTAPI function not implemented: __itt_task_begin_overlapped_ex
1464291 : 0x15086ac8edcac0 : 2 : ittapi_config_apply_per_lib :  ITTAPI function instrumented: __itt_task_end_overlapped
1464291 : 0x15086ac8edd1d8 : 2 : ittapi_config_apply_per_lib :  ITTAPI function not implemented: __itt_task_end_overlapped_ex
1464291 : 0x15086ac8edd8ba : 2 : ittapi_config_apply_per_lib :  ITTAPI function not implemented: __itt_marker_ex
1464291 : 0x15086ac8ede123 : 2 : ittapi_config_apply_per_lib :  ITTAPI function not implemented: __itt_metadata_add_with_scope
1464291 : 0x15086ac8ede860 : 2 : ittapi_config_apply_per_lib :  ITTAPI function not implemented: __itt_metadata_str_add_with_scope
1464291 : 0x15086ac8edfc5c : 2 : ittapi_config_apply_per_lib :  ITTAPI function not implemented: __itt_relation_add_to_current_ex
1464291 : 0x15086ac8ee0393 : 2 : ittapi_config_apply_per_lib :  ITTAPI function not implemented: __itt_relation_add_ex
1464291 : 0x15086ac8ee0afd : 2 : ittapi_config_apply_per_lib :  ITTAPI function not implemented: __itt_track_group_create
1464291 : 0x15086ac8ee1175 : 2 : ittapi_config_apply_per_lib :  ITTAPI function not implemented: __itt_track_create
1464291 : 0x15086ac8ee1859 : 2 : ittapi_config_apply_per_lib :  ITTAPI function not implemented: __itt_set_track
1464291 : 0x15086ac8ee1f3b : 2 : ittapi_config_apply_per_lib :  ITTAPI function instrumented: __itt_api_version
1464291 : 0x15086ac8ee261e : 2 : ittapi_config_apply_per_lib :  ITTAPI function not implemented: __itt_av_save
1464291 : 0x15086ac8ee2ceb : 2 : ittapi_config_apply_per_lib :  ITTAPI function instrumented: __itt_module_load
1464291 : 0x15086ac8ee3445 : 2 : ittapi_config_apply_per_lib :  ITTAPI function not implemented: __itt_module_unload
1464291 : 0x15086ac8f2d48d : 2 : ittapi_config_mask_get :  --itt-config mask to be applied: 55
1464291 : 0x15086ac8f2f684 : 2 : ittapi_config_apply_per_lib :  ITTAPI function instrumented: __itt_domain_create
1464291 : 0x15086ac8f2ffc6 : 2 : ittapi_config_apply_per_lib :  ITTAPI function instrumented: __itt_module_load_with_sections
1464291 : 0x15086ac8f30869 : 2 : ittapi_config_apply_per_lib :  ITTAPI function not implemented: __itt_module_unload_with_sections
1464291 : 0x15086ac8f30fe5 : 2 : ittapi_config_apply_per_lib :  ITTAPI function instrumented: __itt_string_handle_create
1464291 : 0x15086ac8f316d1 : 2 : ittapi_config_apply_per_lib :  ITTAPI function instrumented: __itt_counter_create
1464291 : 0x15086ac8f31d1e : 2 : ittapi_config_apply_per_lib :  ITTAPI function instrumented: __itt_counter_create_typed
1464291 : 0x15086ac8f3241b : 2 : ittapi_config_apply_per_lib :  ITTAPI function instrumented: __itt_pause
1464291 : 0x15086ac8f32aa4 : 2 : ittapi_config_apply_per_lib :  ITTAPI function instrumented: __itt_resume
1464291 : 0x15086ac8f330c4 : 2 : ittapi_config_apply_per_lib :  ITTAPI function instrumented: __itt_thread_set_name
1464291 : 0x15086ac8f337c2 : 2 : ittapi_config_apply_per_lib :  ITTAPI function instrumented: __itt_thread_ignore
1464291 : 0x15086ac8f3728f : 2 : ittapi_config_apply_per_lib :  ITTAPI function instrumented: __itt_thr_name_set
1464291 : 0x15086ac8f379f5 : 2 : ittapi_config_apply_per_lib :  ITTAPI function instrumented: __itt_thr_ignore
1464291 : 0x15086ac8f381f5 : 2 : ittapi_config_apply_per_lib :  ITTAPI function not implemented: __itt_enable_attach
1464291 : 0x15086ac8f388dd : 2 : ittapi_config_apply_per_lib :  ITTAPI function instrumented: __itt_detach
1464291 : 0x15086ac8f38cd7 : 2 : ittapi_config_apply_per_lib :  ITTAPI function NOT instrumented (not matched by --itt-config option): __itt_sync_create

1464291 : 0x15086ac8f390d0 : 2 : ittapi_config_apply_per_lib :  ITTAPI function NOT instrumented (not matched by --itt-config option): __itt_sync_rename

1464291 : 0x15086ac8f394dc : 2 : ittapi_config_apply_per_lib :  ITTAPI function NOT instrumented (not matched by --itt-config option): __itt_sync_destroy

1464291 : 0x15086ac8f398b6 : 2 : ittapi_config_apply_per_lib :  ITTAPI function NOT instrumented (not matched by --itt-config option): __itt_sync_prepare

1464291 : 0x15086ac8f39c1d : 2 : ittapi_config_apply_per_lib :  ITTAPI function NOT instrumented (not matched by --itt-config option): __itt_sync_cancel

1464291 : 0x15086ac8f39fb1 : 2 : ittapi_config_apply_per_lib :  ITTAPI function NOT instrumented (not matched by --itt-config option): __itt_sync_acquired

1464291 : 0x15086ac8f3b062 : 2 : ittapi_config_apply_per_lib :  ITTAPI function NOT instrumented (not matched by --itt-config option): __itt_sync_releasing

1464291 : 0x15086ac8f3b907 : 2 : ittapi_config_apply_per_lib :  ITTAPI function not implemented: __itt_suppress_push
1464291 : 0x15086ac8f3c121 : 2 : ittapi_config_apply_per_lib :  ITTAPI function not implemented: __itt_suppress_pop
1464291 : 0x15086ac8f3c8ae : 2 : ittapi_config_apply_per_lib :  ITTAPI function not implemented: __itt_suppress_mark_range
1464291 : 0x15086ac8f3d025 : 2 : ittapi_config_apply_per_lib :  ITTAPI function not implemented: __itt_suppress_clear_range
1464291 : 0x15086ac8f3d3ed : 2 : ittapi_config_apply_per_lib :  ITTAPI function NOT instrumented (not matched by --itt-config option): __itt_sync_prepare

1464291 : 0x15086ac8f3d768 : 2 : ittapi_config_apply_per_lib :  ITTAPI function NOT instrumented (not matched by --itt-config option): __itt_sync_cancel

1464291 : 0x15086ac8f3dada : 2 : ittapi_config_apply_per_lib :  ITTAPI function NOT instrumented (not matched by --itt-config option): __itt_sync_acquired

1464291 : 0x15086ac8f3de53 : 2 : ittapi_config_apply_per_lib :  ITTAPI function NOT instrumented (not matched by --itt-config option): __itt_sync_releasing

1464291 : 0x15086ac8f3e260 : 2 : ittapi_config_apply_per_lib :  ITTAPI function NOT instrumented (not matched by --itt-config option): __itt_model_site_begin

1464291 : 0x15086ac8f3f2cd : 2 : ittapi_config_apply_per_lib :  ITTAPI function NOT instrumented (not matched by --itt-config option): __itt_model_site_end

1464291 : 0x15086ac8f3f694 : 2 : ittapi_config_apply_per_lib :  ITTAPI function NOT instrumented (not matched by --itt-config option): __itt_model_task_begin

1464291 : 0x15086ac8f3fa1f : 2 : ittapi_config_apply_per_lib :  ITTAPI function NOT instrumented (not matched by --itt-config option): __itt_model_task_end

1464291 : 0x15086ac8f3fda6 : 2 : ittapi_config_apply_per_lib :  ITTAPI function NOT instrumented (not matched by --itt-config option): __itt_model_lock_acquire

1464291 : 0x15086ac8f40190 : 2 : ittapi_config_apply_per_lib :  ITTAPI function NOT instrumented (not matched by --itt-config option): __itt_model_lock_release

1464291 : 0x15086ac8f40508 : 2 : ittapi_config_apply_per_lib :  ITTAPI function NOT instrumented (not matched by --itt-config option): __itt_model_record_allocation

1464291 : 0x15086ac8f40859 : 2 : ittapi_config_apply_per_lib :  ITTAPI function NOT instrumented (not matched by --itt-config option): __itt_model_record_deallocation

1464291 : 0x15086ac8f40be5 : 2 : ittapi_config_apply_per_lib :  ITTAPI function NOT instrumented (not matched by --itt-config option): __itt_model_induction_uses

1464291 : 0x15086ac8f40f67 : 2 : ittapi_config_apply_per_lib :  ITTAPI function NOT instrumented (not matched by --itt-config option): __itt_model_reduction_uses

1464291 : 0x15086ac8f412db : 2 : ittapi_config_apply_per_lib :  ITTAPI function NOT instrumented (not matched by --itt-config option): __itt_model_observe_uses

1464291 : 0x15086ac8f42ad4 : 2 : ittapi_config_apply_per_lib :  ITTAPI function NOT instrumented (not matched by --itt-config option): __itt_model_clear_uses

1464291 : 0x15086ac8f42e98 : 2 : ittapi_config_apply_per_lib :  ITTAPI function NOT instrumented (not matched by --itt-config option): __itt_model_site_beginA

1464291 : 0x15086ac8f4321d : 2 : ittapi_config_apply_per_lib :  ITTAPI function NOT instrumented (not matched by --itt-config option): __itt_model_site_beginAL

1464291 : 0x15086ac8f4359a : 2 : ittapi_config_apply_per_lib :  ITTAPI function NOT instrumented (not matched by --itt-config option): __itt_model_task_beginA

1464291 : 0x15086ac8f438ff : 2 : ittapi_config_apply_per_lib :  ITTAPI function NOT instrumented (not matched by --itt-config option): __itt_model_task_beginAL

1464291 : 0x15086ac8f43db4 : 2 : ittapi_config_apply_per_lib :  ITTAPI function NOT instrumented (not matched by --itt-config option): __itt_model_iteration_taskA

1464291 : 0x15086ac8f44119 : 2 : ittapi_config_apply_per_lib :  ITTAPI function NOT instrumented (not matched by --itt-config option): __itt_model_iteration_taskAL

1464291 : 0x15086ac8f44452 : 2 : ittapi_config_apply_per_lib :  ITTAPI function NOT instrumented (not matched by --itt-config option): __itt_model_site_end_2

1464291 : 0x15086ac8f447c0 : 2 : ittapi_config_apply_per_lib :  ITTAPI function NOT instrumented (not matched by --itt-config option): __itt_model_task_end_2

1464291 : 0x15086ac8f44af0 : 2 : ittapi_config_apply_per_lib :  ITTAPI function NOT instrumented (not matched by --itt-config option): __itt_model_lock_acquire_2

1464291 : 0x15086ac8f45a0a : 2 : ittapi_config_apply_per_lib :  ITTAPI function NOT instrumented (not matched by --itt-config option): __itt_model_lock_release_2

1464291 : 0x15086ac8f45db6 : 2 : ittapi_config_apply_per_lib :  ITTAPI function NOT instrumented (not matched by --itt-config option): __itt_model_aggregate_task

1464291 : 0x15086ac8f4612c : 2 : ittapi_config_apply_per_lib :  ITTAPI function NOT instrumented (not matched by --itt-config option): __itt_model_disable_push

1464291 : 0x15086ac8f464ae : 2 : ittapi_config_apply_per_lib :  ITTAPI function NOT instrumented (not matched by --itt-config option): __itt_model_disable_pop

1464291 : 0x15086ac8f46bb1 : 2 : ittapi_config_apply_per_lib :  ITTAPI function instrumented: __itt_heap_function_create
1464291 : 0x15086ac8f472fc : 2 : ittapi_config_apply_per_lib :  ITTAPI function instrumented: __itt_heap_allocate_begin
1464291 : 0x15086ac8f47976 : 2 : ittapi_config_apply_per_lib :  ITTAPI function instrumented: __itt_heap_allocate_end
1464291 : 0x15086ac8f48076 : 2 : ittapi_config_apply_per_lib :  ITTAPI function instrumented: __itt_heap_free_begin
1464291 : 0x15086ac8f486e9 : 2 : ittapi_config_apply_per_lib :  ITTAPI function instrumented: __itt_heap_free_end
1464291 : 0x15086ac8f48d9b : 2 : ittapi_config_apply_per_lib :  ITTAPI function instrumented: __itt_heap_reallocate_begin
1464291 : 0x15086ac8f4a09d : 2 : ittapi_config_apply_per_lib :  ITTAPI function instrumented: __itt_heap_reallocate_end
1464291 : 0x15086ac8f4a868 : 2 : ittapi_config_apply_per_lib :  ITTAPI function not implemented: __itt_heap_internal_access_begin
1464291 : 0x15086ac8f4af5c : 2 : ittapi_config_apply_per_lib :  ITTAPI function not implemented: __itt_heap_internal_access_end
1464291 : 0x15086ac8f4b6a3 : 2 : ittapi_config_apply_per_lib :  ITTAPI function not implemented: __itt_heap_record_memory_growth_begin
1464291 : 0x15086ac8f4bde7 : 2 : ittapi_config_apply_per_lib :  ITTAPI function not implemented: __itt_heap_record_memory_growth_end
1464291 : 0x15086ac8f4c528 : 2 : ittapi_config_apply_per_lib :  ITTAPI function not implemented: __itt_heap_reset_detection
1464291 : 0x15086ac8f4cca5 : 2 : ittapi_config_apply_per_lib :  ITTAPI function not implemented: __itt_heap_record
1464291 : 0x15086ac8f4d3a1 : 2 : ittapi_config_apply_per_lib :  ITTAPI function not implemented: __itt_id_create
1464291 : 0x15086ac8f4daff : 2 : ittapi_config_apply_per_lib :  ITTAPI function not implemented: __itt_id_destroy
1464291 : 0x15086ac8f4e181 : 2 : ittapi_config_apply_per_lib :  ITTAPI function instrumented: __itt_get_timestamp
1464291 : 0x15086ac8f4fcb0 : 2 : ittapi_config_apply_per_lib :  ITTAPI function not implemented: __itt_region_begin
1464291 : 0x15086ac8f50498 : 2 : ittapi_config_apply_per_lib :  ITTAPI function not implemented: __itt_region_end
1464291 : 0x15086ac8f50b8f : 2 : ittapi_config_apply_per_lib :  ITTAPI function instrumented: __itt_frame_begin_v3
1464291 : 0x15086ac8f512c4 : 2 : ittapi_config_apply_per_lib :  ITTAPI function instrumented: __itt_frame_end_v3
1464291 : 0x15086ac8f51997 : 2 : ittapi_config_apply_per_lib :  ITTAPI function instrumented: __itt_frame_submit_v3
1464291 : 0x15086ac8f52104 : 2 : ittapi_config_apply_per_lib :  ITTAPI function not implemented: __itt_task_group
1464291 : 0x15086ac8f52856 : 2 : ittapi_config_apply_per_lib :  ITTAPI function instrumented: __itt_task_begin
1464291 : 0x15086ac8f52f00 : 2 : ittapi_config_apply_per_lib :  ITTAPI function instrumented: __itt_task_begin_fn
1464291 : 0x15086ac8f535b8 : 2 : ittapi_config_apply_per_lib :  ITTAPI function instrumented: __itt_task_end
1464291 : 0x15086ac8f53d61 : 2 : ittapi_config_apply_per_lib :  ITTAPI function not implemented: __itt_counter_inc_v3
1464291 : 0x15086ac8f551c4 : 2 : ittapi_config_apply_per_lib :  ITTAPI function not implemented: __itt_counter_inc_delta_v3
1464291 : 0x15086ac8f55960 : 2 : ittapi_config_apply_per_lib :  ITTAPI function not implemented: __itt_counter_dec_v3
1464291 : 0x15086ac8f5606c : 2 : ittapi_config_apply_per_lib :  ITTAPI function not implemented: __itt_counter_dec_delta_v3
1464291 : 0x15086ac8f567a7 : 2 : ittapi_config_apply_per_lib :  ITTAPI function not implemented: __itt_marker
1464291 : 0x15086ac8f56e58 : 2 : ittapi_config_apply_per_lib :  ITTAPI function instrumented: __itt_metadata_add
1464291 : 0x15086ac8f575f2 : 2 : ittapi_config_apply_per_lib :  ITTAPI function not implemented: __itt_metadata_str_add
1464291 : 0x15086ac8f57ca3 : 2 : ittapi_config_apply_per_lib :  ITTAPI function not implemented: __itt_relation_add_to_current
1464291 : 0x15086ac8f583a7 : 2 : ittapi_config_apply_per_lib :  ITTAPI function not implemented: __itt_relation_add
1464291 : 0x15086ac8f589ed : 2 : ittapi_config_apply_per_lib :  ITTAPI function instrumented: __itt_event_create
1464291 : 0x15086ac8f590b9 : 2 : ittapi_config_apply_per_lib :  ITTAPI function instrumented: __itt_event_start
1464291 : 0x15086ac8f5a3f4 : 2 : ittapi_config_apply_per_lib :  ITTAPI function instrumented: __itt_event_end
1464291 : 0x15086ac8f5a7b8 : 2 : ittapi_config_apply_per_lib :  ITTAPI function NOT instrumented (not matched by --itt-config option): __itt_sync_set_name

1464291 : 0x15086ac8f5ab46 : 2 : ittapi_config_apply_per_lib :  ITTAPI function NOT instrumented (not matched by --itt-config option): __itt_notify_sync_name

1464291 : 0x15086ac8f5aeac : 2 : ittapi_config_apply_per_lib :  ITTAPI function NOT instrumented (not matched by --itt-config option): __itt_notify_sync_prepare

1464291 : 0x15086ac8f5b222 : 2 : ittapi_config_apply_per_lib :  ITTAPI function NOT instrumented (not matched by --itt-config option): __itt_notify_sync_cancel

1464291 : 0x15086ac8f5b570 : 2 : ittapi_config_apply_per_lib :  ITTAPI function NOT instrumented (not matched by --itt-config option): __itt_notify_sync_acquired

1464291 : 0x15086ac8f5b8d2 : 2 : ittapi_config_apply_per_lib :  ITTAPI function NOT instrumented (not matched by --itt-config option): __itt_notify_sync_releasing

1464291 : 0x15086ac8f5bfca : 2 : ittapi_config_apply_per_lib :  ITTAPI function not implemented: __itt_memory_read
1464291 : 0x15086ac8f5c6e9 : 2 : ittapi_config_apply_per_lib :  ITTAPI function not implemented: __itt_memory_write
1464291 : 0x15086ac8f5cdf0 : 2 : ittapi_config_apply_per_lib :  ITTAPI function not implemented: __itt_memory_update
1464291 : 0x15086ac8f5ebc4 : 2 : ittapi_config_apply_per_lib :  ITTAPI function not implemented: __itt_state_get
1464291 : 0x15086ac8f5f2fe : 2 : ittapi_config_apply_per_lib :  ITTAPI function not implemented: __itt_state_set
1464291 : 0x15086ac8f5fa3a : 2 : ittapi_config_apply_per_lib :  ITTAPI function not implemented: __itt_obj_mode_set
1464291 : 0x15086ac8f60154 : 2 : ittapi_config_apply_per_lib :  ITTAPI function not implemented: __itt_thr_mode_set
1464291 : 0x15086ac8f607a5 : 2 : ittapi_config_apply_per_lib :  ITTAPI function instrumented: __itt_frame_create
1464291 : 0x15086ac8f60e08 : 2 : ittapi_config_apply_per_lib :  ITTAPI function instrumented: __itt_pt_region_create
1464291 : 0x15086ac8f61475 : 2 : ittapi_config_apply_per_lib :  ITTAPI function instrumented: __itt_frame_begin
1464291 : 0x15086ac8f61b0f : 2 : ittapi_config_apply_per_lib :  ITTAPI function instrumented: __itt_frame_end
1464291 : 0x15086ac8f622c0 : 2 : ittapi_config_apply_per_lib :  ITTAPI function not implemented: __itt_counter_destroy
1464291 : 0x15086ac8f62972 : 2 : ittapi_config_apply_per_lib :  ITTAPI function instrumented: __itt_counter_inc
1464291 : 0x15086ac8f63d19 : 2 : ittapi_config_apply_per_lib :  ITTAPI function instrumented: __itt_counter_inc_delta
1464291 : 0x15086ac8f64391 : 2 : ittapi_config_apply_per_lib :  ITTAPI function instrumented: __itt_counter_dec
1464291 : 0x15086ac8f64a26 : 2 : ittapi_config_apply_per_lib :  ITTAPI function instrumented: __itt_counter_dec_delta
1464291 : 0x15086ac8f650cd : 2 : ittapi_config_apply_per_lib :  ITTAPI function instrumented: __itt_counter_set_value
1464291 : 0x15086ac8f657cf : 2 : ittapi_config_apply_per_lib :  ITTAPI function not implemented: __itt_counter_set_value_ex
1464291 : 0x15086ac8f65e98 : 2 : ittapi_config_apply_per_lib :  ITTAPI function not implemented: __itt_mark_create
1464291 : 0x15086ac8f665d6 : 2 : ittapi_config_apply_per_lib :  ITTAPI function not implemented: __itt_mark
1464291 : 0x15086ac8f66d37 : 2 : ittapi_config_apply_per_lib :  ITTAPI function not implemented: __itt_mark_off
1464291 : 0x15086ac8f6740e : 2 : ittapi_config_apply_per_lib :  ITTAPI function not implemented: __itt_mark_global
1464291 : 0x15086ac8f67b02 : 2 : ittapi_config_apply_per_lib :  ITTAPI function not implemented: __itt_mark_global_off
1464291 : 0x15086ac8f68e89 : 2 : ittapi_config_apply_per_lib :  ITTAPI function instrumented: __itt_stack_caller_create
1464291 : 0x15086ac8f69591 : 2 : ittapi_config_apply_per_lib :  ITTAPI function instrumented: __itt_stack_caller_destroy
1464291 : 0x15086ac8f69c65 : 2 : ittapi_config_apply_per_lib :  ITTAPI function instrumented: __itt_stack_callee_enter
1464291 : 0x15086ac8f6a2ea : 2 : ittapi_config_apply_per_lib :  ITTAPI function instrumented: __itt_stack_callee_leave
1464291 : 0x15086ac8f6a9f8 : 2 : ittapi_config_apply_per_lib :  ITTAPI function not implemented: __itt_clock_domain_create
1464291 : 0x15086ac8f6b10f : 2 : ittapi_config_apply_per_lib :  ITTAPI function not implemented: __itt_clock_domain_reset
1464291 : 0x15086ac8f6b7f1 : 2 : ittapi_config_apply_per_lib :  ITTAPI function not implemented: __itt_id_create_ex
1464291 : 0x15086ac8f6bf1d : 2 : ittapi_config_apply_per_lib :  ITTAPI function not implemented: __itt_id_destroy_ex
1464291 : 0x15086ac8f6c62e : 2 : ittapi_config_apply_per_lib :  ITTAPI function not implemented: __itt_task_begin_ex
1464291 : 0x15086ac8f6ccfa : 2 : ittapi_config_apply_per_lib :  ITTAPI function not implemented: __itt_task_begin_fn_ex
1464291 : 0x15086ac8f6e07f : 2 : ittapi_config_apply_per_lib :  ITTAPI function not implemented: __itt_task_end_ex
1464291 : 0x15086ac8f6e7c3 : 2 : ittapi_config_apply_per_lib :  ITTAPI function instrumented: __itt_task_begin_overlapped
1464291 : 0x15086ac8f6eecd : 2 : ittapi_config_apply_per_lib :  ITTAPI function not implemented: __itt_task_begin_overlapped_ex
1464291 : 0x15086ac8f6f5c5 : 2 : ittapi_config_apply_per_lib :  ITTAPI function instrumented: __itt_task_end_overlapped
1464291 : 0x15086ac8f6fd0f : 2 : ittapi_config_apply_per_lib :  ITTAPI function not implemented: __itt_task_end_overlapped_ex
1464291 : 0x15086ac8f703d4 : 2 : ittapi_config_apply_per_lib :  ITTAPI function not implemented: __itt_marker_ex
1464291 : 0x15086ac8f70b2d : 2 : ittapi_config_apply_per_lib :  ITTAPI function not implemented: __itt_metadata_add_with_scope
1464291 : 0x15086ac8f712ac : 2 : ittapi_config_apply_per_lib :  ITTAPI function not implemented: __itt_metadata_str_add_with_scope
1464291 : 0x15086ac8f719a6 : 2 : ittapi_config_apply_per_lib :  ITTAPI function not implemented: __itt_relation_add_to_current_ex
1464291 : 0x15086ac8f720b9 : 2 : ittapi_config_apply_per_lib :  ITTAPI function not implemented: __itt_relation_add_ex
1464291 : 0x15086ac8f73b42 : 2 : ittapi_config_apply_per_lib :  ITTAPI function not implemented: __itt_track_group_create
1464291 : 0x15086ac8f7422d : 2 : ittapi_config_apply_per_lib :  ITTAPI function not implemented: __itt_track_create
1464291 : 0x15086ac8f74935 : 2 : ittapi_config_apply_per_lib :  ITTAPI function not implemented: __itt_set_track
1464291 : 0x15086ac8f74fd0 : 2 : ittapi_config_apply_per_lib :  ITTAPI function instrumented: __itt_api_version
1464291 : 0x15086ac8f756d7 : 2 : ittapi_config_apply_per_lib :  ITTAPI function not implemented: __itt_av_save
1464291 : 0x15086ac8f75d8f : 2 : ittapi_config_apply_per_lib :  ITTAPI function instrumented: __itt_module_load
1464291 : 0x15086ac8f764b3 : 2 : ittapi_config_apply_per_lib :  ITTAPI function not implemented: __itt_module_unload